<?xml version="1.0" encoding="UTF-8"?>
<coverage generated="1750466337158" clover="3.2.0">
  <project timestamp="1750466337158" name="All files">
    <metrics statements="433" coveredstatements="351" conditionals="401" coveredconditionals="258" methods="62" coveredmethods="50" elements="896" coveredelements="659" complexity="0" loc="433" ncloc="433" packages="3" files="8" classes="8"/>
    <package name="SDIP_Battlesnake">
      <metrics statements="36" coveredstatements="20" conditionals="14" coveredconditionals="5" methods="10" coveredmethods="5"/>
      <file name="server.js" path="C:\Website\SDIP_Battlesnake\server.js">
        <metrics statements="36" coveredstatements="20" conditionals="14" coveredconditionals="5" methods="10" coveredmethods="5"/>
        <line num="5" count="1" type="stmt"/>
        <line num="15" count="2" type="stmt"/>
        <line num="16" count="2" type="stmt"/>
        <line num="19" count="2" type="cond" truecount="2" falsecount="0"/>
        <line num="20" count="1" type="stmt"/>
        <line num="24" count="1" type="stmt"/>
        <line num="26" count="0" type="stmt"/>
        <line num="28" count="0" type="stmt"/>
        <line num="29" count="0" type="cond" truecount="0" falsecount="2"/>
        <line num="33" count="1" type="cond" truecount="1" falsecount="1"/>
        <line num="34" count="0" type="stmt"/>
        <line num="35" count="1" type="cond" truecount="1" falsecount="1"/>
        <line num="36" count="1" type="stmt"/>
        <line num="37" count="0" type="cond" truecount="0" falsecount="2"/>
        <line num="38" count="0" type="stmt"/>
        <line num="39" count="0" type="cond" truecount="0" falsecount="2"/>
        <line num="40" count="0" type="stmt"/>
        <line num="44" count="0" type="stmt"/>
        <line num="48" count="3" type="stmt"/>
        <line num="49" count="3" type="stmt"/>
        <line num="51" count="3" type="stmt"/>
        <line num="52" count="1" type="stmt"/>
        <line num="55" count="3" type="stmt"/>
        <line num="56" count="0" type="stmt"/>
        <line num="57" count="0" type="stmt"/>
        <line num="60" count="3" type="stmt"/>
        <line num="61" count="0" type="stmt"/>
        <line num="64" count="3" type="stmt"/>
        <line num="65" count="0" type="stmt"/>
        <line num="66" count="0" type="stmt"/>
        <line num="69" count="3" type="stmt"/>
        <line num="70" count="0" type="stmt"/>
        <line num="71" count="0" type="stmt"/>
        <line num="74" count="3" type="stmt"/>
        <line num="75" count="1" type="stmt"/>
        <line num="78" count="3" type="stmt"/>
      </file>
    </package>
    <package name="SDIP_Battlesnake.logic">
      <metrics statements="353" coveredstatements="290" conditionals="355" coveredconditionals="223" methods="48" coveredmethods="41"/>
      <file name="food.js" path="C:\Website\SDIP_Battlesnake\logic\food.js">
        <metrics statements="52" coveredstatements="51" conditionals="44" coveredconditionals="38" methods="5" coveredmethods="5"/>
        <line num="10" count="22" type="stmt"/>
        <line num="11" count="22" type="stmt"/>
        <line num="12" count="22" type="stmt"/>
        <line num="13" count="22" type="stmt"/>
        <line num="16" count="22" type="cond" truecount="2" falsecount="0"/>
        <line num="17" count="2" type="stmt"/>
        <line num="21" count="20" type="stmt"/>
        <line num="25" count="20" type="stmt"/>
        <line num="28" count="20" type="stmt"/>
        <line num="30" count="20" type="stmt"/>
        <line num="32" count="23" type="stmt"/>
        <line num="35" count="23" type="cond" truecount="4" falsecount="0"/>
        <line num="36" count="2" type="stmt"/>
        <line num="40" count="21" type="stmt"/>
        <line num="41" count="21" type="cond" truecount="4" falsecount="0"/>
        <line num="42" count="20" type="cond" truecount="4" falsecount="0"/>
        <line num="43" count="5" type="cond" truecount="2" falsecount="2"/>
        <line num="44" count="5" type="cond" truecount="4" falsecount="0"/>
        <line num="47" count="21" type="cond" truecount="2" falsecount="0"/>
        <line num="49" count="20" type="stmt"/>
        <line num="52" count="20" type="stmt"/>
        <line num="55" count="20" type="stmt"/>
        <line num="58" count="20" type="cond" truecount="2" falsecount="0"/>
        <line num="60" count="2" type="stmt"/>
        <line num="64" count="20" type="stmt"/>
        <line num="67" count="20" type="cond" truecount="2" falsecount="0"/>
        <line num="68" count="2" type="stmt"/>
        <line num="71" count="20" type="stmt"/>
        <line num="81" count="20" type="stmt"/>
        <line num="84" count="20" type="cond" truecount="2" falsecount="0"/>
        <line num="85" count="17" type="stmt"/>
        <line num="88" count="17" type="stmt"/>
        <line num="89" count="17" type="cond" truecount="4" falsecount="0"/>
        <line num="90" count="15" type="stmt"/>
        <line num="91" count="15" type="stmt"/>
        <line num="93" count="2" type="stmt"/>
        <line num="97" count="5" type="stmt"/>
        <line num="108" count="20" type="stmt"/>
        <line num="109" count="20" type="stmt"/>
        <line num="112" count="20" type="stmt"/>
        <line num="115" count="20" type="stmt"/>
        <line num="116" count="26" type="cond" truecount="2" falsecount="0"/>
        <line num="118" count="6" type="stmt"/>
        <line num="119" count="6" type="stmt"/>
        <line num="123" count="6" type="stmt"/>
        <line num="125" count="6" type="cond" truecount="2" falsecount="0"/>
        <line num="127" count="4" type="stmt"/>
        <line num="129" count="4" type="cond" truecount="1" falsecount="1"/>
        <line num="131" count="2" type="cond" truecount="1" falsecount="1"/>
        <line num="133" count="0" type="cond" truecount="0" falsecount="2"/>
        <line num="137" count="2" type="stmt"/>
        <line num="141" count="20" type="stmt"/>
      </file>
      <file name="hunting.js" path="C:\Website\SDIP_Battlesnake\logic\hunting.js">
        <metrics statements="89" coveredstatements="74" conditionals="105" coveredconditionals="59" methods="16" coveredmethods="14"/>
        <line num="5" count="10" type="stmt"/>
        <line num="6" count="10" type="stmt"/>
        <line num="7" count="10" type="stmt"/>
        <line num="10" count="10" type="cond" truecount="2" falsecount="0"/>
        <line num="12" count="17" type="stmt"/>
        <line num="13" count="9" type="cond" truecount="2" falsecount="0"/>
        <line num="16" count="8" type="stmt"/>
        <line num="17" count="8" type="stmt"/>
        <line num="18" count="8" type="stmt"/>
        <line num="19" count="8" type="stmt"/>
        <line num="20" count="8" type="stmt"/>
        <line num="22" count="8" type="stmt"/>
        <line num="28" count="8" type="cond" truecount="3" falsecount="0"/>
        <line num="29" count="0" type="stmt"/>
        <line num="32" count="8" type="cond" truecount="2" falsecount="0"/>
        <line num="33" count="7" type="stmt"/>
        <line num="36" count="7" type="cond" truecount="2" falsecount="0"/>
        <line num="37" count="4" type="stmt"/>
        <line num="38" count="4" type="cond" truecount="2" falsecount="0"/>
        <line num="42" count="6" type="stmt"/>
        <line num="46" count="1" type="stmt"/>
        <line num="47" count="1" type="cond" truecount="1" falsecount="1"/>
        <line num="51" count="1" type="cond" truecount="1" falsecount="1"/>
        <line num="52" count="0" type="stmt"/>
        <line num="53" count="0" type="cond" truecount="0" falsecount="2"/>
        <line num="54" count="0" type="stmt"/>
        <line num="55" count="0" type="cond" truecount="0" falsecount="2"/>
        <line num="60" count="1" type="stmt"/>
        <line num="67" count="4" type="stmt"/>
        <line num="68" count="4" type="stmt"/>
        <line num="71" count="4" type="stmt"/>
        <line num="72" count="4" type="cond" truecount="2" falsecount="0"/>
        <line num="74" count="3" type="stmt"/>
        <line num="76" count="3" type="stmt"/>
        <line num="80" count="3" type="cond" truecount="5" falsecount="0"/>
        <line num="81" count="2" type="stmt"/>
        <line num="85" count="1" type="stmt"/>
        <line num="86" count="1" type="stmt"/>
        <line num="87" count="4" type="cond" truecount="1" falsecount="1"/>
        <line num="89" count="4" type="stmt"/>
        <line num="90" count="4" type="stmt"/>
        <line num="93" count="4" type="cond" truecount="2" falsecount="0"/>
        <line num="94" count="2" type="stmt"/>
        <line num="99" count="1" type="cond" truecount="1" falsecount="1"/>
        <line num="100" count="1" type="stmt"/>
        <line num="107" count="6" type="stmt"/>
        <line num="110" count="6" type="stmt"/>
        <line num="111" count="6" type="cond" truecount="2" falsecount="0"/>
        <line num="112" count="3" type="stmt"/>
        <line num="113" count="3" type="cond" truecount="2" falsecount="0"/>
        <line num="115" count="2" type="stmt"/>
        <line num="116" count="2" type="stmt"/>
        <line num="117" count="2" type="cond" truecount="1" falsecount="1"/>
        <line num="120" count="2" type="stmt"/>
        <line num="122" count="3" type="cond" truecount="1" falsecount="1"/>
        <line num="124" count="3" type="stmt"/>
        <line num="125" count="3" type="cond" truecount="1" falsecount="1"/>
        <line num="129" count="6" type="stmt"/>
        <line num="130" count="6" type="stmt"/>
        <line num="132" count="6" type="stmt"/>
        <line num="137" count="20" type="stmt"/>
        <line num="140" count="6" type="cond" truecount="1" falsecount="1"/>
        <line num="141" count="6" type="stmt"/>
        <line num="142" count="9" type="cond" truecount="4" falsecount="0"/>
        <line num="143" count="5" type="stmt"/>
        <line num="147" count="1" type="stmt"/>
        <line num="154" count="0" type="stmt"/>
        <line num="155" count="0" type="stmt"/>
        <line num="156" count="0" type="stmt"/>
        <line num="159" count="0" type="cond" truecount="0" falsecount="5"/>
        <line num="160" count="0" type="cond" truecount="0" falsecount="5"/>
        <line num="161" count="0" type="cond" truecount="0" falsecount="5"/>
        <line num="162" count="0" type="cond" truecount="0" falsecount="5"/>
        <line num="163" count="0" type="cond" truecount="0" falsecount="5"/>
        <line num="166" count="0" type="stmt"/>
        <line num="173" count="7" type="cond" truecount="2" falsecount="0"/>
        <line num="174" count="7" type="stmt"/>
        <line num="175" count="7" type="cond" truecount="4" falsecount="0"/>
        <line num="176" count="1" type="stmt"/>
        <line num="184" count="9" type="cond" truecount="4" falsecount="0"/>
        <line num="185" count="1" type="stmt"/>
        <line num="186" count="3" type="stmt"/>
        <line num="187" count="2" type="stmt"/>
        <line num="188" count="3" type="stmt"/>
        <line num="193" count="3" type="cond" truecount="1" falsecount="1"/>
        <line num="194" count="3" type="cond" truecount="2" falsecount="0"/>
        <line num="195" count="2" type="cond" truecount="1" falsecount="1"/>
        <line num="196" count="2" type="cond" truecount="1" falsecount="1"/>
        <line num="197" count="0" type="stmt"/>
      </file>
      <file name="movement.js" path="C:\Website\SDIP_Battlesnake\logic\movement.js">
        <metrics statements="56" coveredstatements="32" conditionals="61" coveredconditionals="20" methods="5" coveredmethods="2"/>
        <line num="9" count="1" type="stmt"/>
        <line num="14" count="1" type="stmt"/>
        <line num="15" count="1" type="stmt"/>
        <line num="21" count="1" type="stmt"/>
        <line num="22" count="1" type="stmt"/>
        <line num="23" count="1" type="stmt"/>
        <line num="26" count="1" type="stmt"/>
        <line num="27" count="1" type="cond" truecount="1" falsecount="1"/>
        <line num="30" count="1" type="stmt"/>
        <line num="31" count="4" type="cond" truecount="1" falsecount="1"/>
        <line num="35" count="1" type="cond" truecount="1" falsecount="1"/>
        <line num="38" count="1" type="stmt"/>
        <line num="39" count="1" type="stmt"/>
        <line num="42" count="1" type="cond" truecount="1" falsecount="1"/>
        <line num="43" count="0" type="stmt"/>
        <line num="47" count="1" type="cond" truecount="3" falsecount="1"/>
        <line num="48" count="0" type="stmt"/>
        <line num="52" count="1" type="cond" truecount="4" falsecount="1"/>
        <line num="53" count="1" type="stmt"/>
        <line num="57" count="1" type="cond" truecount="1" falsecount="1"/>
        <line num="58" count="1" type="stmt"/>
        <line num="59" count="1" type="stmt"/>
        <line num="60" count="1" type="stmt"/>
        <line num="61" count="1" type="cond" truecount="3" falsecount="1"/>
        <line num="62" count="1" type="stmt"/>
        <line num="63" count="1" type="stmt"/>
        <line num="64" count="1" type="stmt"/>
        <line num="70" count="1" type="cond" truecount="1" falsecount="1"/>
        <line num="71" count="0" type="stmt"/>
        <line num="72" count="0" type="stmt"/>
        <line num="73" count="0" type="stmt"/>
        <line num="76" count="0" type="cond" truecount="0" falsecount="4"/>
        <line num="77" count="0" type="cond" truecount="0" falsecount="4"/>
        <line num="78" count="0" type="cond" truecount="0" falsecount="4"/>
        <line num="79" count="0" type="cond" truecount="0" falsecount="4"/>
        <line num="81" count="0" type="cond" truecount="0" falsecount="2"/>
        <line num="82" count="0" type="stmt"/>
        <line num="83" count="0" type="cond" truecount="0" falsecount="2"/>
        <line num="88" count="1" type="cond" truecount="2" falsecount="4"/>
        <line num="89" count="0" type="stmt"/>
        <line num="93" count="1" type="cond" truecount="1" falsecount="1"/>
        <line num="94" count="0" type="stmt"/>
        <line num="95" count="0" type="stmt"/>
        <line num="96" count="0" type="cond" truecount="0" falsecount="4"/>
        <line num="97" count="0" type="stmt"/>
        <line num="98" count="0" type="stmt"/>
        <line num="104" count="1" type="cond" truecount="1" falsecount="1"/>
        <line num="105" count="0" type="stmt"/>
        <line num="106" count="0" type="cond" truecount="0" falsecount="2"/>
        <line num="107" count="0" type="stmt"/>
        <line num="109" count="0" type="stmt"/>
        <line num="113" count="1" type="stmt"/>
        <line num="114" count="1" type="stmt"/>
        <line num="115" count="1" type="stmt"/>
        <line num="118" count="0" type="stmt"/>
        <line num="119" count="0" type="stmt"/>
      </file>
      <file name="safety.js" path="C:\Website\SDIP_Battlesnake\logic\safety.js">
        <metrics statements="87" coveredstatements="67" conditionals="88" coveredconditionals="57" methods="14" coveredmethods="12"/>
        <line num="7" count="8" type="stmt"/>
        <line num="8" count="8" type="stmt"/>
        <line num="9" count="8" type="stmt"/>
        <line num="10" count="8" type="stmt"/>
        <line num="13" count="8" type="stmt"/>
        <line num="21" count="8" type="stmt"/>
        <line num="30" count="8" type="cond" truecount="1" falsecount="1"/>
        <line num="31" count="8" type="cond" truecount="2" falsecount="0"/>
        <line num="32" count="8" type="cond" truecount="1" falsecount="1"/>
        <line num="33" count="8" type="cond" truecount="2" falsecount="0"/>
        <line num="36" count="8" type="stmt"/>
        <line num="37" count="1" type="stmt"/>
        <line num="41" count="8" type="stmt"/>
        <line num="42" count="11" type="stmt"/>
        <line num="44" count="11" type="stmt"/>
        <line num="46" count="33" type="cond" truecount="5" falsecount="0"/>
        <line num="47" count="27" type="cond" truecount="4" falsecount="0"/>
        <line num="50" count="23" type="cond" truecount="4" falsecount="0"/>
        <line num="51" count="23" type="cond" truecount="2" falsecount="2"/>
        <line num="52" count="23" type="cond" truecount="3" falsecount="1"/>
        <line num="53" count="23" type="cond" truecount="4" falsecount="0"/>
        <line num="58" count="8" type="stmt"/>
        <line num="59" count="11" type="cond" truecount="2" falsecount="0"/>
        <line num="61" count="4" type="stmt"/>
        <line num="62" count="4" type="stmt"/>
        <line num="65" count="4" type="stmt"/>
        <line num="66" count="4" type="stmt"/>
        <line num="67" count="16" type="cond" truecount="2" falsecount="0"/>
        <line num="69" count="12" type="stmt"/>
        <line num="72" count="12" type="stmt"/>
        <line num="73" count="48" type="stmt"/>
        <line num="76" count="48" type="cond" truecount="4" falsecount="0"/>
        <line num="78" count="3" type="cond" truecount="2" falsecount="0"/>
        <line num="79" count="2" type="stmt"/>
        <line num="87" count="8" type="stmt"/>
        <line num="88" count="8" type="stmt"/>
        <line num="89" count="32" type="cond" truecount="2" falsecount="0"/>
        <line num="91" count="22" type="stmt"/>
        <line num="94" count="22" type="stmt"/>
        <line num="97" count="22" type="cond" truecount="2" falsecount="0"/>
        <line num="98" count="1" type="stmt"/>
        <line num="102" count="22" type="cond" truecount="3" falsecount="1"/>
        <line num="104" count="0" type="stmt"/>
        <line num="105" count="0" type="cond" truecount="0" falsecount="2"/>
        <line num="108" count="0" type="cond" truecount="0" falsecount="2"/>
        <line num="109" count="0" type="stmt"/>
        <line num="110" count="0" type="stmt"/>
        <line num="115" count="8" type="stmt"/>
        <line num="122" count="22" type="stmt"/>
        <line num="123" count="22" type="stmt"/>
        <line num="124" count="22" type="stmt"/>
        <line num="125" count="22" type="stmt"/>
        <line num="128" count="22" type="stmt"/>
        <line num="129" count="22" type="stmt"/>
        <line num="130" count="28" type="stmt"/>
        <line num="131" count="85" type="stmt"/>
        <line num="136" count="22" type="stmt"/>
        <line num="137" count="8434" type="stmt"/>
        <line num="138" count="8434" type="stmt"/>
        <line num="140" count="8434" type="cond" truecount="8" falsecount="0"/>
        <line num="143" count="6331" type="stmt"/>
        <line num="146" count="2103" type="stmt"/>
        <line num="149" count="2103" type="stmt"/>
        <line num="150" count="2103" type="stmt"/>
        <line num="151" count="2103" type="stmt"/>
        <line num="152" count="2103" type="stmt"/>
        <line num="155" count="22" type="stmt"/>
        <line num="162" count="82" type="cond" truecount="4" falsecount="0"/>
        <line num="163" count="24" type="stmt"/>
        <line num="164" count="16" type="stmt"/>
        <line num="165" count="23" type="stmt"/>
        <line num="166" count="19" type="stmt"/>
        <line num="177" count="0" type="stmt"/>
        <line num="178" count="0" type="stmt"/>
        <line num="181" count="0" type="cond" truecount="0" falsecount="7"/>
        <line num="185" count="0" type="stmt"/>
        <line num="189" count="0" type="stmt"/>
        <line num="190" count="0" type="stmt"/>
        <line num="191" count="0" type="cond" truecount="0" falsecount="4"/>
        <line num="192" count="0" type="stmt"/>
        <line num="197" count="0" type="cond" truecount="0" falsecount="4"/>
        <line num="198" count="0" type="stmt"/>
        <line num="199" count="0" type="cond" truecount="0" falsecount="2"/>
        <line num="200" count="0" type="stmt"/>
        <line num="201" count="0" type="cond" truecount="0" falsecount="4"/>
        <line num="202" count="0" type="stmt"/>
        <line num="208" count="0" type="stmt"/>
      </file>
      <file name="zigzag.js" path="C:\Website\SDIP_Battlesnake\logic\zigzag.js">
        <metrics statements="69" coveredstatements="66" conditionals="57" coveredconditionals="49" methods="8" coveredmethods="8"/>
        <line num="10" count="6" type="stmt"/>
        <line num="11" count="6" type="stmt"/>
        <line num="12" count="6" type="stmt"/>
        <line num="15" count="6" type="stmt"/>
        <line num="16" count="6" type="cond" truecount="2" falsecount="0"/>
        <line num="17" count="5" type="stmt"/>
        <line num="18" count="5" type="stmt"/>
        <line num="22" count="6" type="cond" truecount="2" falsecount="0"/>
        <line num="23" count="1" type="stmt"/>
        <line num="24" count="1" type="cond" truecount="1" falsecount="1"/>
        <line num="31" count="5" type="cond" truecount="2" falsecount="0"/>
        <line num="32" count="4" type="cond" truecount="4" falsecount="0"/>
        <line num="33" count="3" type="stmt"/>
        <line num="34" count="3" type="stmt"/>
        <line num="36" count="1" type="stmt"/>
        <line num="37" count="1" type="stmt"/>
        <line num="41" count="1" type="stmt"/>
        <line num="42" count="1" type="cond" truecount="1" falsecount="1"/>
        <line num="43" count="1" type="cond" truecount="1" falsecount="1"/>
        <line num="47" count="5" type="stmt"/>
        <line num="50" count="5" type="stmt"/>
        <line num="51" count="5" type="stmt"/>
        <line num="53" count="5" type="stmt"/>
        <line num="54" count="20" type="cond" truecount="4" falsecount="0"/>
        <line num="55" count="6" type="stmt"/>
        <line num="56" count="6" type="stmt"/>
        <line num="61" count="5" type="stmt"/>
        <line num="63" count="5" type="cond" truecount="4" falsecount="0"/>
        <line num="64" count="4" type="stmt"/>
        <line num="67" count="1" type="stmt"/>
        <line num="74" count="1" type="stmt"/>
        <line num="75" count="1" type="stmt"/>
        <line num="76" count="1" type="stmt"/>
        <line num="79" count="1" type="stmt"/>
        <line num="80" count="4" type="cond" truecount="2" falsecount="0"/>
        <line num="82" count="3" type="stmt"/>
        <line num="83" count="3" type="stmt"/>
        <line num="86" count="3" type="stmt"/>
        <line num="90" count="1" type="stmt"/>
        <line num="91" count="1" type="stmt"/>
        <line num="93" count="1" type="stmt"/>
        <line num="94" count="4" type="cond" truecount="4" falsecount="0"/>
        <line num="95" count="3" type="cond" truecount="2" falsecount="0"/>
        <line num="96" count="2" type="stmt"/>
        <line num="97" count="2" type="stmt"/>
        <line num="102" count="1" type="stmt"/>
        <line num="103" count="1" type="cond" truecount="3" falsecount="1"/>
        <line num="104" count="1" type="stmt"/>
        <line num="107" count="0" type="stmt"/>
        <line num="114" count="3" type="stmt"/>
        <line num="115" count="3" type="stmt"/>
        <line num="116" count="3" type="stmt"/>
        <line num="118" count="3" type="stmt"/>
        <line num="119" count="12" type="stmt"/>
        <line num="122" count="12" type="cond" truecount="7" falsecount="0"/>
        <line num="125" count="9" type="stmt"/>
        <line num="129" count="3" type="stmt"/>
        <line num="136" count="12" type="stmt"/>
        <line num="137" count="84" type="cond" truecount="2" falsecount="0"/>
        <line num="145" count="15" type="cond" truecount="4" falsecount="0"/>
        <line num="146" count="4" type="stmt"/>
        <line num="147" count="4" type="stmt"/>
        <line num="148" count="3" type="stmt"/>
        <line num="149" count="4" type="stmt"/>
        <line num="157" count="5" type="cond" truecount="2" falsecount="0"/>
        <line num="158" count="1" type="cond" truecount="1" falsecount="1"/>
        <line num="159" count="1" type="cond" truecount="1" falsecount="1"/>
        <line num="160" count="0" type="cond" truecount="0" falsecount="2"/>
        <line num="161" count="0" type="stmt"/>
      </file>
    </package>
    <package name="SDIP_Battlesnake.utils">
      <metrics statements="44" coveredstatements="41" conditionals="32" coveredconditionals="30" methods="4" coveredmethods="4"/>
      <file name="floodFill.js" path="C:\Website\SDIP_Battlesnake\utils\floodFill.js">
        <metrics statements="43" coveredstatements="40" conditionals="32" coveredconditionals="30" methods="3" coveredmethods="3"/>
        <line num="10" count="22" type="cond" truecount="5" falsecount="1"/>
        <line num="12" count="0" type="stmt"/>
        <line num="16" count="22" type="stmt"/>
        <line num="17" count="31" type="stmt"/>
        <line num="18" count="104" type="cond" truecount="4" falsecount="0"/>
        <line num="19" count="5" type="stmt"/>
        <line num="25" count="17" type="stmt"/>
        <line num="26" count="17" type="stmt"/>
        <line num="27" count="17" type="stmt"/>
        <line num="30" count="17" type="stmt"/>
        <line num="33" count="17" type="stmt"/>
        <line num="34" count="1055" type="stmt"/>
        <line num="35" count="1055" type="stmt"/>
        <line num="38" count="1055" type="stmt"/>
        <line num="45" count="1055" type="stmt"/>
        <line num="46" count="4220" type="stmt"/>
        <line num="49" count="4220" type="cond" truecount="6" falsecount="0"/>
        <line num="51" count="517" type="stmt"/>
        <line num="55" count="3703" type="cond" truecount="2" falsecount="0"/>
        <line num="56" count="2466" type="stmt"/>
        <line num="60" count="1237" type="stmt"/>
        <line num="61" count="1237" type="stmt"/>
        <line num="62" count="1593" type="stmt"/>
        <line num="63" count="5363" type="cond" truecount="4" falsecount="0"/>
        <line num="64" count="199" type="stmt"/>
        <line num="65" count="199" type="stmt"/>
        <line num="68" count="1593" type="cond" truecount="2" falsecount="0"/>
        <line num="71" count="1237" type="cond" truecount="2" falsecount="0"/>
        <line num="72" count="1038" type="stmt"/>
        <line num="73" count="1038" type="stmt"/>
        <line num="78" count="17" type="stmt"/>
        <line num="88" count="5" type="stmt"/>
        <line num="89" count="5" type="stmt"/>
        <line num="90" count="5" type="stmt"/>
        <line num="93" count="5" type="stmt"/>
        <line num="101" count="5" type="stmt"/>
        <line num="109" count="5" type="stmt"/>
        <line num="110" count="20" type="stmt"/>
        <line num="113" count="20" type="cond" truecount="5" falsecount="1"/>
        <line num="116" count="20" type="stmt"/>
        <line num="120" count="5" type="stmt"/>
        <line num="122" count="0" type="stmt"/>
        <line num="124" count="0" type="stmt"/>
      </file>
      <file name="visualization.js" path="C:\Website\SDIP_Battlesnake\utils\visualization.js">
        <metrics statements="1" coveredstatements="1" conditionals="0" coveredconditionals="0" methods="1" coveredmethods="1"/>
        <line num="9" count="1" type="stmt"/>
      </file>
    </package>
  </project>
</coverage>
