{"C:\\Website\\SDIP_Battlesnake\\server.js": {"path":"C:\\Website\\SDIP_Battlesnake\\server.js","statementMap":{"0":{"start":{"line":5,"column":2},"end":{"line":11,"column":4}},"1":{"start":{"line":15,"column":17},"end":{"line":15,"column":38}},"2":{"start":{"line":16,"column":15},"end":{"line":16,"column":35}},"3":{"start":{"line":19,"column":2},"end":{"line":21,"column":3}},"4":{"start":{"line":20,"column":4},"end":{"line":20,"column":28}},"5":{"start":{"line":24,"column":22},"end":{"line":30,"column":4}},"6":{"start":{"line":26,"column":6},"end":{"line":26,"column":69}},"7":{"start":{"line":28,"column":6},"end":{"line":28,"column":69}},"8":{"start":{"line":29,"column":4},"end":{"line":29,"column":65}},"9":{"start":{"line":33,"column":2},"end":{"line":41,"column":3}},"10":{"start":{"line":34,"column":4},"end":{"line":34,"column":28}},"11":{"start":{"line":35,"column":9},"end":{"line":41,"column":3}},"12":{"start":{"line":36,"column":4},"end":{"line":36,"column":29}},"13":{"start":{"line":37,"column":9},"end":{"line":41,"column":3}},"14":{"start":{"line":38,"column":4},"end":{"line":38,"column":28}},"15":{"start":{"line":39,"column":9},"end":{"line":41,"column":3}},"16":{"start":{"line":40,"column":4},"end":{"line":40,"column":26}},"17":{"start":{"line":44,"column":2},"end":{"line":44,"column":26}},"18":{"start":{"line":48,"column":14},"end":{"line":48,"column":23}},"19":{"start":{"line":49,"column":2},"end":{"line":49,"column":26}},"20":{"start":{"line":51,"column":2},"end":{"line":53,"column":5}},"21":{"start":{"line":52,"column":4},"end":{"line":52,"column":30}},"22":{"start":{"line":55,"column":2},"end":{"line":58,"column":5}},"23":{"start":{"line":56,"column":4},"end":{"line":56,"column":29}},"24":{"start":{"line":57,"column":4},"end":{"line":57,"column":19}},"25":{"start":{"line":60,"column":2},"end":{"line":62,"column":5}},"26":{"start":{"line":61,"column":4},"end":{"line":61,"column":38}},"27":{"start":{"line":64,"column":2},"end":{"line":67,"column":5}},"28":{"start":{"line":65,"column":4},"end":{"line":65,"column":27}},"29":{"start":{"line":66,"column":4},"end":{"line":66,"column":19}},"30":{"start":{"line":69,"column":2},"end":{"line":72,"column":5}},"31":{"start":{"line":70,"column":4},"end":{"line":70,"column":69}},"32":{"start":{"line":71,"column":4},"end":{"line":71,"column":11}},"33":{"start":{"line":74,"column":17},"end":{"line":76,"column":4}},"34":{"start":{"line":75,"column":4},"end":{"line":75,"column":68}},"35":{"start":{"line":78,"column":2},"end":{"line":78,"column":16}}},"fnMap":{"0":{"name":"info","decl":{"start":{"line":4,"column":16},"end":{"line":4,"column":20}},"loc":{"start":{"line":4,"column":23},"end":{"line":12,"column":1}},"line":4},"1":{"name":"move","decl":{"start":{"line":14,"column":16},"end":{"line":14,"column":20}},"loc":{"start":{"line":14,"column":32},"end":{"line":45,"column":1}},"line":14},"2":{"name":"(anonymous_2)","decl":{"start":{"line":24,"column":34},"end":{"line":24,"column":35}},"loc":{"start":{"line":24,"column":56},"end":{"line":30,"column":3}},"line":24},"3":{"name":"runServer","decl":{"start":{"line":47,"column":24},"end":{"line":47,"column":33}},"loc":{"start":{"line":47,"column":75},"end":{"line":79,"column":1}},"line":47},"4":{"name":"(anonymous_4)","decl":{"start":{"line":51,"column":15},"end":{"line":51,"column":16}},"loc":{"start":{"line":51,"column":29},"end":{"line":53,"column":3}},"line":51},"5":{"name":"(anonymous_5)","decl":{"start":{"line":55,"column":21},"end":{"line":55,"column":22}},"loc":{"start":{"line":55,"column":35},"end":{"line":58,"column":3}},"line":55},"6":{"name":"(anonymous_6)","decl":{"start":{"line":60,"column":20},"end":{"line":60,"column":21}},"loc":{"start":{"line":60,"column":34},"end":{"line":62,"column":3}},"line":60},"7":{"name":"(anonymous_7)","decl":{"start":{"line":64,"column":19},"end":{"line":64,"column":20}},"loc":{"start":{"line":64,"column":33},"end":{"line":67,"column":3}},"line":64},"8":{"name":"(anonymous_8)","decl":{"start":{"line":69,"column":10},"end":{"line":69,"column":11}},"loc":{"start":{"line":69,"column":36},"end":{"line":72,"column":3}},"line":69},"9":{"name":"(anonymous_9)","decl":{"start":{"line":74,"column":40},"end":{"line":74,"column":41}},"loc":{"start":{"line":74,"column":46},"end":{"line":76,"column":3}},"line":74}},"branchMap":{"0":{"loc":{"start":{"line":19,"column":2},"end":{"line":21,"column":3}},"type":"if","locations":[{"start":{"line":19,"column":2},"end":{"line":21,"column":3}},{"start":{},"end":{}}],"line":19},"1":{"loc":{"start":{"line":29,"column":11},"end":{"line":29,"column":64}},"type":"cond-expr","locations":[{"start":{"line":29,"column":47},"end":{"line":29,"column":54}},{"start":{"line":29,"column":57},"end":{"line":29,"column":64}}],"line":29},"2":{"loc":{"start":{"line":33,"column":2},"end":{"line":41,"column":3}},"type":"if","locations":[{"start":{"line":33,"column":2},"end":{"line":41,"column":3}},{"start":{"line":35,"column":9},"end":{"line":41,"column":3}}],"line":33},"3":{"loc":{"start":{"line":35,"column":9},"end":{"line":41,"column":3}},"type":"if","locations":[{"start":{"line":35,"column":9},"end":{"line":41,"column":3}},{"start":{"line":37,"column":9},"end":{"line":41,"column":3}}],"line":35},"4":{"loc":{"start":{"line":37,"column":9},"end":{"line":41,"column":3}},"type":"if","locations":[{"start":{"line":37,"column":9},"end":{"line":41,"column":3}},{"start":{"line":39,"column":9},"end":{"line":41,"column":3}}],"line":37},"5":{"loc":{"start":{"line":39,"column":9},"end":{"line":41,"column":3}},"type":"if","locations":[{"start":{"line":39,"column":9},"end":{"line":41,"column":3}},{"start":{},"end":{}}],"line":39},"6":{"loc":{"start":{"line":47,"column":44},"end":{"line":47,"column":55}},"type":"default-arg","locations":[{"start":{"line":47,"column":51},"end":{"line":47,"column":55}}],"line":47},"7":{"loc":{"start":{"line":47,"column":57},"end":{"line":47,"column":73}},"type":"default-arg","locations":[{"start":{"line":47,"column":64},"end":{"line":47,"column":73}}],"line":47}},"s":{"0":1,"1":2,"2":2,"3":2,"4":1,"5":1,"6":0,"7":0,"8":0,"9":1,"10":0,"11":1,"12":1,"13":0,"14":0,"15":0,"16":0,"17":0,"18":1,"19":1,"20":1,"21":0,"22":1,"23":0,"24":0,"25":1,"26":0,"27":1,"28":0,"29":0,"30":1,"31":0,"32":0,"33":1,"34":0,"35":1},"f":{"0":1,"1":2,"2":0,"3":1,"4":0,"5":0,"6":0,"7":0,"8":0,"9":0},"b":{"0":[1,1],"1":[0,0],"2":[0,1],"3":[1,0],"4":[0,0],"5":[0,0],"6":[0],"7":[1]},"_coverageSchema":"1a1c01bbd47fc00a2c39e90264f33305004495a9","hash":"44d289279367901ae3f121bc1655f0b0961233cd"}
,"C:\\Website\\SDIP_Battlesnake\\logic\\food.js": {"path":"C:\\Website\\SDIP_Battlesnake\\logic\\food.js","statementMap":{"0":{"start":{"line":10,"column":17},"end":{"line":10,"column":38}},"1":{"start":{"line":11,"column":15},"end":{"line":11,"column":35}},"2":{"start":{"line":12,"column":19},"end":{"line":12,"column":44}},"3":{"start":{"line":13,"column":17},"end":{"line":13,"column":37}},"4":{"start":{"line":16,"column":2},"end":{"line":18,"column":3}},"5":{"start":{"line":17,"column":4},"end":{"line":17,"column":16}},"6":{"start":{"line":21,"column":22},"end":{"line":21,"column":33}},"7":{"start":{"line":25,"column":29},"end":{"line":25,"column":67}},"8":{"start":{"line":28,"column":22},"end":{"line":28,"column":24}},"9":{"start":{"line":30,"column":2},"end":{"line":78,"column":5}},"10":{"start":{"line":32,"column":21},"end":{"line":32,"column":72}},"11":{"start":{"line":35,"column":4},"end":{"line":37,"column":5}},"12":{"start":{"line":36,"column":6},"end":{"line":36,"column":13}},"13":{"start":{"line":40,"column":24},"end":{"line":40,"column":28}},"14":{"start":{"line":41,"column":4},"end":{"line":44,"column":67}},"15":{"start":{"line":41,"column":43},"end":{"line":41,"column":66}},"16":{"start":{"line":42,"column":9},"end":{"line":44,"column":67}},"17":{"start":{"line":42,"column":49},"end":{"line":42,"column":73}},"18":{"start":{"line":43,"column":9},"end":{"line":44,"column":67}},"19":{"start":{"line":43,"column":48},"end":{"line":43,"column":71}},"20":{"start":{"line":44,"column":9},"end":{"line":44,"column":67}},"21":{"start":{"line":44,"column":46},"end":{"line":44,"column":67}},"22":{"start":{"line":47,"column":4},"end":{"line":77,"column":5}},"23":{"start":{"line":49,"column":29},"end":{"line":49,"column":53}},"24":{"start":{"line":52,"column":35},"end":{"line":52,"column":78}},"25":{"start":{"line":55,"column":18},"end":{"line":55,"column":26}},"26":{"start":{"line":58,"column":6},"end":{"line":61,"column":7}},"27":{"start":{"line":60,"column":8},"end":{"line":60,"column":60}},"28":{"start":{"line":64,"column":6},"end":{"line":64,"column":40}},"29":{"start":{"line":67,"column":6},"end":{"line":69,"column":7}},"30":{"start":{"line":68,"column":8},"end":{"line":68,"column":37}},"31":{"start":{"line":71,"column":6},"end":{"line":76,"column":9}},"32":{"start":{"line":81,"column":2},"end":{"line":81,"column":48}},"33":{"start":{"line":81,"column":29},"end":{"line":81,"column":46}},"34":{"start":{"line":84,"column":2},"end":{"line":95,"column":3}},"35":{"start":{"line":85,"column":17},"end":{"line":85,"column":31}},"36":{"start":{"line":88,"column":19},"end":{"line":88,"column":51}},"37":{"start":{"line":89,"column":4},"end":{"line":94,"column":5}},"38":{"start":{"line":90,"column":6},"end":{"line":90,"column":109}},"39":{"start":{"line":91,"column":6},"end":{"line":91,"column":28}},"40":{"start":{"line":93,"column":6},"end":{"line":93,"column":72}},"41":{"start":{"line":97,"column":2},"end":{"line":97,"column":14}},"42":{"start":{"line":108,"column":17},"end":{"line":108,"column":38}},"43":{"start":{"line":109,"column":21},"end":{"line":109,"column":84}},"44":{"start":{"line":112,"column":18},"end":{"line":112,"column":19}},"45":{"start":{"line":115,"column":2},"end":{"line":139,"column":5}},"46":{"start":{"line":116,"column":4},"end":{"line":116,"column":46}},"47":{"start":{"line":116,"column":39},"end":{"line":116,"column":46}},"48":{"start":{"line":118,"column":25},"end":{"line":118,"column":38}},"49":{"start":{"line":119,"column":29},"end":{"line":120,"column":63}},"50":{"start":{"line":123,"column":21},"end":{"line":123,"column":66}},"51":{"start":{"line":125,"column":4},"end":{"line":138,"column":5}},"52":{"start":{"line":127,"column":6},"end":{"line":127,"column":21}},"53":{"start":{"line":129,"column":6},"end":{"line":129,"column":39}},"54":{"start":{"line":129,"column":24},"end":{"line":129,"column":39}},"55":{"start":{"line":131,"column":9},"end":{"line":138,"column":5}},"56":{"start":{"line":133,"column":6},"end":{"line":133,"column":43}},"57":{"start":{"line":137,"column":6},"end":{"line":137,"column":21}},"58":{"start":{"line":141,"column":2},"end":{"line":141,"column":19}}},"fnMap":{"0":{"name":"seekFood","decl":{"start":{"line":9,"column":16},"end":{"line":9,"column":24}},"loc":{"start":{"line":9,"column":59},"end":{"line":98,"column":1}},"line":9},"1":{"name":"(anonymous_1)","decl":{"start":{"line":30,"column":15},"end":{"line":30,"column":16}},"loc":{"start":{"line":30,"column":22},"end":{"line":78,"column":3}},"line":30},"2":{"name":"(anonymous_2)","decl":{"start":{"line":81,"column":19},"end":{"line":81,"column":20}},"loc":{"start":{"line":81,"column":29},"end":{"line":81,"column":46}},"line":81},"3":{"name":"calculateCompetitiveAdvantage","decl":{"start":{"line":107,"column":9},"end":{"line":107,"column":38}},"loc":{"start":{"line":107,"column":59},"end":{"line":142,"column":1}},"line":107},"4":{"name":"(anonymous_4)","decl":{"start":{"line":115,"column":33},"end":{"line":115,"column":34}},"loc":{"start":{"line":115,"column":42},"end":{"line":139,"column":3}},"line":115}},"branchMap":{"0":{"loc":{"start":{"line":16,"column":2},"end":{"line":18,"column":3}},"type":"if","locations":[{"start":{"line":16,"column":2},"end":{"line":18,"column":3}},{"start":{},"end":{}}],"line":16},"1":{"loc":{"start":{"line":35,"column":4},"end":{"line":37,"column":5}},"type":"if","locations":[{"start":{"line":35,"column":4},"end":{"line":37,"column":5}},{"start":{},"end":{}}],"line":35},"2":{"loc":{"start":{"line":35,"column":8},"end":{"line":35,"column":45}},"type":"binary-expr","locations":[{"start":{"line":35,"column":8},"end":{"line":35,"column":19}},{"start":{"line":35,"column":23},"end":{"line":35,"column":45}}],"line":35},"3":{"loc":{"start":{"line":41,"column":4},"end":{"line":44,"column":67}},"type":"if","locations":[{"start":{"line":41,"column":4},"end":{"line":44,"column":67}},{"start":{"line":42,"column":9},"end":{"line":44,"column":67}}],"line":41},"4":{"loc":{"start":{"line":41,"column":8},"end":{"line":41,"column":41}},"type":"binary-expr","locations":[{"start":{"line":41,"column":8},"end":{"line":41,"column":22}},{"start":{"line":41,"column":26},"end":{"line":41,"column":41}}],"line":41},"5":{"loc":{"start":{"line":42,"column":9},"end":{"line":44,"column":67}},"type":"if","locations":[{"start":{"line":42,"column":9},"end":{"line":44,"column":67}},{"start":{"line":43,"column":9},"end":{"line":44,"column":67}}],"line":42},"6":{"loc":{"start":{"line":42,"column":13},"end":{"line":42,"column":47}},"type":"binary-expr","locations":[{"start":{"line":42,"column":13},"end":{"line":42,"column":27}},{"start":{"line":42,"column":31},"end":{"line":42,"column":47}}],"line":42},"7":{"loc":{"start":{"line":43,"column":9},"end":{"line":44,"column":67}},"type":"if","locations":[{"start":{"line":43,"column":9},"end":{"line":44,"column":67}},{"start":{"line":44,"column":9},"end":{"line":44,"column":67}}],"line":43},"8":{"loc":{"start":{"line":43,"column":13},"end":{"line":43,"column":46}},"type":"binary-expr","locations":[{"start":{"line":43,"column":13},"end":{"line":43,"column":27}},{"start":{"line":43,"column":31},"end":{"line":43,"column":46}}],"line":43},"9":{"loc":{"start":{"line":44,"column":9},"end":{"line":44,"column":67}},"type":"if","locations":[{"start":{"line":44,"column":9},"end":{"line":44,"column":67}},{"start":{},"end":{}}],"line":44},"10":{"loc":{"start":{"line":44,"column":13},"end":{"line":44,"column":44}},"type":"binary-expr","locations":[{"start":{"line":44,"column":13},"end":{"line":44,"column":27}},{"start":{"line":44,"column":31},"end":{"line":44,"column":44}}],"line":44},"11":{"loc":{"start":{"line":47,"column":4},"end":{"line":77,"column":5}},"type":"if","locations":[{"start":{"line":47,"column":4},"end":{"line":77,"column":5}},{"start":{},"end":{}}],"line":47},"12":{"loc":{"start":{"line":58,"column":6},"end":{"line":61,"column":7}},"type":"if","locations":[{"start":{"line":58,"column":6},"end":{"line":61,"column":7}},{"start":{},"end":{}}],"line":58},"13":{"loc":{"start":{"line":67,"column":6},"end":{"line":69,"column":7}},"type":"if","locations":[{"start":{"line":67,"column":6},"end":{"line":69,"column":7}},{"start":{},"end":{}}],"line":67},"14":{"loc":{"start":{"line":84,"column":2},"end":{"line":95,"column":3}},"type":"if","locations":[{"start":{"line":84,"column":2},"end":{"line":95,"column":3}},{"start":{},"end":{}}],"line":84},"15":{"loc":{"start":{"line":89,"column":4},"end":{"line":94,"column":5}},"type":"if","locations":[{"start":{"line":89,"column":4},"end":{"line":94,"column":5}},{"start":{"line":92,"column":11},"end":{"line":94,"column":5}}],"line":89},"16":{"loc":{"start":{"line":89,"column":8},"end":{"line":89,"column":29}},"type":"binary-expr","locations":[{"start":{"line":89,"column":8},"end":{"line":89,"column":14}},{"start":{"line":89,"column":18},"end":{"line":89,"column":29}}],"line":89},"17":{"loc":{"start":{"line":116,"column":4},"end":{"line":116,"column":46}},"type":"if","locations":[{"start":{"line":116,"column":4},"end":{"line":116,"column":46}},{"start":{},"end":{}}],"line":116},"18":{"loc":{"start":{"line":125,"column":4},"end":{"line":138,"column":5}},"type":"if","locations":[{"start":{"line":125,"column":4},"end":{"line":138,"column":5}},{"start":{"line":131,"column":9},"end":{"line":138,"column":5}}],"line":125},"19":{"loc":{"start":{"line":129,"column":6},"end":{"line":129,"column":39}},"type":"if","locations":[{"start":{"line":129,"column":6},"end":{"line":129,"column":39}},{"start":{},"end":{}}],"line":129},"20":{"loc":{"start":{"line":131,"column":9},"end":{"line":138,"column":5}},"type":"if","locations":[{"start":{"line":131,"column":9},"end":{"line":138,"column":5}},{"start":{"line":135,"column":9},"end":{"line":138,"column":5}}],"line":131},"21":{"loc":{"start":{"line":133,"column":19},"end":{"line":133,"column":42}},"type":"cond-expr","locations":[{"start":{"line":133,"column":36},"end":{"line":133,"column":37}},{"start":{"line":133,"column":40},"end":{"line":133,"column":42}}],"line":133}},"s":{"0":22,"1":22,"2":22,"3":22,"4":22,"5":2,"6":20,"7":20,"8":20,"9":20,"10":23,"11":23,"12":2,"13":21,"14":21,"15":1,"16":20,"17":15,"18":5,"19":0,"20":5,"21":4,"22":21,"23":20,"24":20,"25":20,"26":20,"27":2,"28":20,"29":20,"30":2,"31":20,"32":20,"33":3,"34":20,"35":17,"36":17,"37":17,"38":15,"39":15,"40":2,"41":5,"42":20,"43":20,"44":20,"45":20,"46":26,"47":20,"48":6,"49":6,"50":6,"51":6,"52":4,"53":4,"54":0,"55":2,"56":0,"57":2,"58":20},"f":{"0":22,"1":23,"2":3,"3":20,"4":26},"b":{"0":[2,20],"1":[2,21],"2":[23,3],"3":[1,20],"4":[21,1],"5":[15,5],"6":[20,16],"7":[0,5],"8":[5,0],"9":[4,1],"10":[5,4],"11":[20,1],"12":[2,18],"13":[2,18],"14":[17,3],"15":[15,2],"16":[17,2],"17":[20,6],"18":[4,2],"19":[0,4],"20":[0,2],"21":[0,0]},"_coverageSchema":"1a1c01bbd47fc00a2c39e90264f33305004495a9","hash":"6dcf60a7cf0e61be87b440422ec6337b2a2b055c"}
,"C:\\Website\\SDIP_Battlesnake\\logic\\hunting.js": {"path":"C:\\Website\\SDIP_Battlesnake\\logic\\hunting.js","statementMap":{"0":{"start":{"line":5,"column":17},"end":{"line":5,"column":38}},"1":{"start":{"line":6,"column":19},"end":{"line":6,"column":44}},"2":{"start":{"line":7,"column":19},"end":{"line":7,"column":39}},"3":{"start":{"line":10,"column":2},"end":{"line":10,"column":33}},"4":{"start":{"line":10,"column":21},"end":{"line":10,"column":33}},"5":{"start":{"line":12,"column":20},"end":{"line":12,"column":81}},"6":{"start":{"line":12,"column":55},"end":{"line":12,"column":80}},"7":{"start":{"line":13,"column":2},"end":{"line":13,"column":42}},"8":{"start":{"line":13,"column":30},"end":{"line":13,"column":42}},"9":{"start":{"line":16,"column":18},"end":{"line":29,"column":36}},"10":{"start":{"line":17,"column":17},"end":{"line":17,"column":30}},"11":{"start":{"line":18,"column":21},"end":{"line":18,"column":78}},"12":{"start":{"line":19,"column":21},"end":{"line":19,"column":49}},"13":{"start":{"line":20,"column":25},"end":{"line":20,"column":50}},"14":{"start":{"line":22,"column":4},"end":{"line":26,"column":6}},"15":{"start":{"line":28,"column":19},"end":{"line":28,"column":93}},"16":{"start":{"line":29,"column":18},"end":{"line":29,"column":35}},"17":{"start":{"line":32,"column":2},"end":{"line":43,"column":3}},"18":{"start":{"line":33,"column":19},"end":{"line":33,"column":29}},"19":{"start":{"line":36,"column":4},"end":{"line":39,"column":5}},"20":{"start":{"line":37,"column":25},"end":{"line":37,"column":78}},"21":{"start":{"line":38,"column":6},"end":{"line":38,"column":40}},"22":{"start":{"line":38,"column":22},"end":{"line":38,"column":40}},"23":{"start":{"line":42,"column":4},"end":{"line":42,"column":73}},"24":{"start":{"line":46,"column":26},"end":{"line":49,"column":3}},"25":{"start":{"line":47,"column":16},"end":{"line":47,"column":57}},"26":{"start":{"line":51,"column":2},"end":{"line":58,"column":3}},"27":{"start":{"line":52,"column":4},"end":{"line":57,"column":5}},"28":{"start":{"line":53,"column":6},"end":{"line":56,"column":7}},"29":{"start":{"line":54,"column":27},"end":{"line":54,"column":79}},"30":{"start":{"line":55,"column":8},"end":{"line":55,"column":42}},"31":{"start":{"line":55,"column":24},"end":{"line":55,"column":42}},"32":{"start":{"line":60,"column":2},"end":{"line":60,"column":14}},"33":{"start":{"line":67,"column":17},"end":{"line":67,"column":38}},"34":{"start":{"line":68,"column":20},"end":{"line":68,"column":39}},"35":{"start":{"line":71,"column":22},"end":{"line":71,"column":59}},"36":{"start":{"line":72,"column":2},"end":{"line":72,"column":32}},"37":{"start":{"line":72,"column":20},"end":{"line":72,"column":32}},"38":{"start":{"line":74,"column":26},"end":{"line":75,"column":63}},"39":{"start":{"line":76,"column":23},"end":{"line":77,"column":57}},"40":{"start":{"line":80,"column":2},"end":{"line":82,"column":3}},"41":{"start":{"line":81,"column":4},"end":{"line":81,"column":16}},"42":{"start":{"line":85,"column":16},"end":{"line":85,"column":18}},"43":{"start":{"line":86,"column":2},"end":{"line":96,"column":5}},"44":{"start":{"line":87,"column":4},"end":{"line":87,"column":33}},"45":{"start":{"line":87,"column":26},"end":{"line":87,"column":33}},"46":{"start":{"line":89,"column":19},"end":{"line":89,"column":47}},"47":{"start":{"line":90,"column":26},"end":{"line":91,"column":60}},"48":{"start":{"line":93,"column":4},"end":{"line":95,"column":5}},"49":{"start":{"line":94,"column":6},"end":{"line":94,"column":75}},"50":{"start":{"line":99,"column":2},"end":{"line":100,"column":58}},"51":{"start":{"line":100,"column":25},"end":{"line":100,"column":42}},"52":{"start":{"line":107,"column":17},"end":{"line":107,"column":36}},"53":{"start":{"line":110,"column":21},"end":{"line":110,"column":27}},"54":{"start":{"line":111,"column":2},"end":{"line":126,"column":3}},"55":{"start":{"line":112,"column":17},"end":{"line":112,"column":51}},"56":{"start":{"line":113,"column":4},"end":{"line":121,"column":5}},"57":{"start":{"line":115,"column":17},"end":{"line":115,"column":34}},"58":{"start":{"line":116,"column":17},"end":{"line":116,"column":34}},"59":{"start":{"line":117,"column":18},"end":{"line":119,"column":41}},"60":{"start":{"line":120,"column":6},"end":{"line":120,"column":50}},"61":{"start":{"line":122,"column":9},"end":{"line":126,"column":3}},"62":{"start":{"line":124,"column":16},"end":{"line":124,"column":57}},"63":{"start":{"line":125,"column":4},"end":{"line":125,"column":57}},"64":{"start":{"line":125,"column":13},"end":{"line":125,"column":57}},"65":{"start":{"line":129,"column":13},"end":{"line":129,"column":38}},"66":{"start":{"line":130,"column":13},"end":{"line":130,"column":38}},"67":{"start":{"line":132,"column":16},"end":{"line":137,"column":37}},"68":{"start":{"line":137,"column":19},"end":{"line":137,"column":36}},"69":{"start":{"line":140,"column":19},"end":{"line":140,"column":52}},"70":{"start":{"line":141,"column":2},"end":{"line":145,"column":3}},"71":{"start":{"line":142,"column":4},"end":{"line":144,"column":5}},"72":{"start":{"line":143,"column":6},"end":{"line":143,"column":22}},"73":{"start":{"line":147,"column":2},"end":{"line":147,"column":14}},"74":{"start":{"line":154,"column":15},"end":{"line":154,"column":28}},"75":{"start":{"line":155,"column":13},"end":{"line":155,"column":30}},"76":{"start":{"line":156,"column":13},"end":{"line":156,"column":30}},"77":{"start":{"line":159,"column":2},"end":{"line":164,"column":3}},"78":{"start":{"line":160,"column":4},"end":{"line":160,"column":74}},"79":{"start":{"line":160,"column":59},"end":{"line":160,"column":74}},"80":{"start":{"line":161,"column":4},"end":{"line":161,"column":71}},"81":{"start":{"line":161,"column":57},"end":{"line":161,"column":71}},"82":{"start":{"line":162,"column":4},"end":{"line":162,"column":65}},"83":{"start":{"line":162,"column":53},"end":{"line":162,"column":65}},"84":{"start":{"line":163,"column":4},"end":{"line":163,"column":71}},"85":{"start":{"line":163,"column":57},"end":{"line":163,"column":71}},"86":{"start":{"line":166,"column":2},"end":{"line":166,"column":14}},"87":{"start":{"line":173,"column":2},"end":{"line":177,"column":25}},"88":{"start":{"line":174,"column":17},"end":{"line":174,"column":68}},"89":{"start":{"line":175,"column":4},"end":{"line":175,"column":63}},"90":{"start":{"line":175,"column":41},"end":{"line":175,"column":63}},"91":{"start":{"line":176,"column":4},"end":{"line":176,"column":19}},"92":{"start":{"line":184,"column":2},"end":{"line":189,"column":3}},"93":{"start":{"line":185,"column":15},"end":{"line":185,"column":49}},"94":{"start":{"line":186,"column":17},"end":{"line":186,"column":51}},"95":{"start":{"line":187,"column":17},"end":{"line":187,"column":51}},"96":{"start":{"line":188,"column":18},"end":{"line":188,"column":52}},"97":{"start":{"line":193,"column":2},"end":{"line":193,"column":38}},"98":{"start":{"line":193,"column":23},"end":{"line":193,"column":38}},"99":{"start":{"line":194,"column":2},"end":{"line":194,"column":37}},"100":{"start":{"line":194,"column":23},"end":{"line":194,"column":37}},"101":{"start":{"line":195,"column":2},"end":{"line":195,"column":35}},"102":{"start":{"line":195,"column":23},"end":{"line":195,"column":35}},"103":{"start":{"line":196,"column":2},"end":{"line":196,"column":37}},"104":{"start":{"line":196,"column":23},"end":{"line":196,"column":37}},"105":{"start":{"line":197,"column":2},"end":{"line":197,"column":14}}},"fnMap":{"0":{"name":"huntSmallerSnake","decl":{"start":{"line":4,"column":16},"end":{"line":4,"column":32}},"loc":{"start":{"line":4,"column":67},"end":{"line":61,"column":1}},"line":4},"1":{"name":"(anonymous_1)","decl":{"start":{"line":12,"column":50},"end":{"line":12,"column":51}},"loc":{"start":{"line":12,"column":55},"end":{"line":12,"column":80}},"line":12},"2":{"name":"(anonymous_2)","decl":{"start":{"line":16,"column":32},"end":{"line":16,"column":33}},"loc":{"start":{"line":16,"column":41},"end":{"line":27,"column":3}},"line":16},"3":{"name":"(anonymous_3)","decl":{"start":{"line":28,"column":10},"end":{"line":28,"column":11}},"loc":{"start":{"line":28,"column":19},"end":{"line":28,"column":93}},"line":28},"4":{"name":"(anonymous_4)","decl":{"start":{"line":29,"column":8},"end":{"line":29,"column":9}},"loc":{"start":{"line":29,"column":18},"end":{"line":29,"column":35}},"line":29},"5":{"name":"(anonymous_5)","decl":{"start":{"line":47,"column":4},"end":{"line":47,"column":5}},"loc":{"start":{"line":47,"column":16},"end":{"line":47,"column":57}},"line":47},"6":{"name":"setupAmbush","decl":{"start":{"line":66,"column":9},"end":{"line":66,"column":20}},"loc":{"start":{"line":66,"column":68},"end":{"line":101,"column":1}},"line":66},"7":{"name":"(anonymous_7)","decl":{"start":{"line":86,"column":42},"end":{"line":86,"column":43}},"loc":{"start":{"line":86,"column":49},"end":{"line":96,"column":3}},"line":86},"8":{"name":"(anonymous_8)","decl":{"start":{"line":100,"column":15},"end":{"line":100,"column":16}},"loc":{"start":{"line":100,"column":25},"end":{"line":100,"column":42}},"line":100},"9":{"name":"pursueSnake","decl":{"start":{"line":106,"column":9},"end":{"line":106,"column":20}},"loc":{"start":{"line":106,"column":76},"end":{"line":148,"column":1}},"line":106},"10":{"name":"(anonymous_10)","decl":{"start":{"line":137,"column":9},"end":{"line":137,"column":10}},"loc":{"start":{"line":137,"column":19},"end":{"line":137,"column":36}},"line":137},"11":{"name":"findHeadToHead","decl":{"start":{"line":153,"column":9},"end":{"line":153,"column":23}},"loc":{"start":{"line":153,"column":62},"end":{"line":167,"column":1}},"line":153},"12":{"name":"findNearestFood","decl":{"start":{"line":172,"column":9},"end":{"line":172,"column":24}},"loc":{"start":{"line":172,"column":41},"end":{"line":178,"column":1}},"line":172},"13":{"name":"(anonymous_13)","decl":{"start":{"line":173,"column":37},"end":{"line":173,"column":38}},"loc":{"start":{"line":173,"column":56},"end":{"line":177,"column":3}},"line":173},"14":{"name":"getNextPosition","decl":{"start":{"line":183,"column":9},"end":{"line":183,"column":24}},"loc":{"start":{"line":183,"column":35},"end":{"line":190,"column":1}},"line":183},"15":{"name":"getDirection","decl":{"start":{"line":192,"column":9},"end":{"line":192,"column":21}},"loc":{"start":{"line":192,"column":34},"end":{"line":198,"column":1}},"line":192}},"branchMap":{"0":{"loc":{"start":{"line":10,"column":2},"end":{"line":10,"column":33}},"type":"if","locations":[{"start":{"line":10,"column":2},"end":{"line":10,"column":33}},{"start":{},"end":{}}],"line":10},"1":{"loc":{"start":{"line":13,"column":2},"end":{"line":13,"column":42}},"type":"if","locations":[{"start":{"line":13,"column":2},"end":{"line":13,"column":42}},{"start":{},"end":{}}],"line":13},"2":{"loc":{"start":{"line":28,"column":19},"end":{"line":28,"column":93}},"type":"binary-expr","locations":[{"start":{"line":28,"column":20},"end":{"line":28,"column":48}},{"start":{"line":28,"column":52},"end":{"line":28,"column":69}},{"start":{"line":28,"column":74},"end":{"line":28,"column":93}}],"line":28},"3":{"loc":{"start":{"line":32,"column":2},"end":{"line":43,"column":3}},"type":"if","locations":[{"start":{"line":32,"column":2},"end":{"line":43,"column":3}},{"start":{},"end":{}}],"line":32},"4":{"loc":{"start":{"line":36,"column":4},"end":{"line":39,"column":5}},"type":"if","locations":[{"start":{"line":36,"column":4},"end":{"line":39,"column":5}},{"start":{},"end":{}}],"line":36},"5":{"loc":{"start":{"line":38,"column":6},"end":{"line":38,"column":40}},"type":"if","locations":[{"start":{"line":38,"column":6},"end":{"line":38,"column":40}},{"start":{},"end":{}}],"line":38},"6":{"loc":{"start":{"line":47,"column":16},"end":{"line":47,"column":57}},"type":"cond-expr","locations":[{"start":{"line":47,"column":50},"end":{"line":47,"column":51}},{"start":{"line":47,"column":54},"end":{"line":47,"column":57}}],"line":47},"7":{"loc":{"start":{"line":51,"column":2},"end":{"line":58,"column":3}},"type":"if","locations":[{"start":{"line":51,"column":2},"end":{"line":58,"column":3}},{"start":{},"end":{}}],"line":51},"8":{"loc":{"start":{"line":53,"column":6},"end":{"line":56,"column":7}},"type":"if","locations":[{"start":{"line":53,"column":6},"end":{"line":56,"column":7}},{"start":{},"end":{}}],"line":53},"9":{"loc":{"start":{"line":55,"column":8},"end":{"line":55,"column":42}},"type":"if","locations":[{"start":{"line":55,"column":8},"end":{"line":55,"column":42}},{"start":{},"end":{}}],"line":55},"10":{"loc":{"start":{"line":72,"column":2},"end":{"line":72,"column":32}},"type":"if","locations":[{"start":{"line":72,"column":2},"end":{"line":72,"column":32}},{"start":{},"end":{}}],"line":72},"11":{"loc":{"start":{"line":80,"column":2},"end":{"line":82,"column":3}},"type":"if","locations":[{"start":{"line":80,"column":2},"end":{"line":82,"column":3}},{"start":{},"end":{}}],"line":80},"12":{"loc":{"start":{"line":80,"column":6},"end":{"line":80,"column":90}},"type":"binary-expr","locations":[{"start":{"line":80,"column":6},"end":{"line":80,"column":25}},{"start":{"line":80,"column":29},"end":{"line":80,"column":52}},{"start":{"line":80,"column":56},"end":{"line":80,"column":90}}],"line":80},"13":{"loc":{"start":{"line":87,"column":4},"end":{"line":87,"column":33}},"type":"if","locations":[{"start":{"line":87,"column":4},"end":{"line":87,"column":33}},{"start":{},"end":{}}],"line":87},"14":{"loc":{"start":{"line":93,"column":4},"end":{"line":95,"column":5}},"type":"if","locations":[{"start":{"line":93,"column":4},"end":{"line":95,"column":5}},{"start":{},"end":{}}],"line":93},"15":{"loc":{"start":{"line":99,"column":9},"end":{"line":100,"column":57}},"type":"cond-expr","locations":[{"start":{"line":100,"column":4},"end":{"line":100,"column":50}},{"start":{"line":100,"column":53},"end":{"line":100,"column":57}}],"line":99},"16":{"loc":{"start":{"line":111,"column":2},"end":{"line":126,"column":3}},"type":"if","locations":[{"start":{"line":111,"column":2},"end":{"line":126,"column":3}},{"start":{"line":122,"column":9},"end":{"line":126,"column":3}}],"line":111},"17":{"loc":{"start":{"line":113,"column":4},"end":{"line":121,"column":5}},"type":"if","locations":[{"start":{"line":113,"column":4},"end":{"line":121,"column":5}},{"start":{},"end":{}}],"line":113},"18":{"loc":{"start":{"line":117,"column":18},"end":{"line":119,"column":41}},"type":"cond-expr","locations":[{"start":{"line":118,"column":18},"end":{"line":118,"column":43}},{"start":{"line":119,"column":18},"end":{"line":119,"column":40}}],"line":117},"19":{"loc":{"start":{"line":118,"column":18},"end":{"line":118,"column":43}},"type":"cond-expr","locations":[{"start":{"line":118,"column":27},"end":{"line":118,"column":34}},{"start":{"line":118,"column":37},"end":{"line":118,"column":43}}],"line":118},"20":{"loc":{"start":{"line":119,"column":18},"end":{"line":119,"column":40}},"type":"cond-expr","locations":[{"start":{"line":119,"column":27},"end":{"line":119,"column":31}},{"start":{"line":119,"column":34},"end":{"line":119,"column":40}}],"line":119},"21":{"loc":{"start":{"line":122,"column":9},"end":{"line":126,"column":3}},"type":"if","locations":[{"start":{"line":122,"column":9},"end":{"line":126,"column":3}},{"start":{},"end":{}}],"line":122},"22":{"loc":{"start":{"line":125,"column":4},"end":{"line":125,"column":57}},"type":"if","locations":[{"start":{"line":125,"column":4},"end":{"line":125,"column":57}},{"start":{},"end":{}}],"line":125},"23":{"loc":{"start":{"line":133,"column":27},"end":{"line":133,"column":42}},"type":"cond-expr","locations":[{"start":{"line":133,"column":36},"end":{"line":133,"column":37}},{"start":{"line":133,"column":40},"end":{"line":133,"column":42}}],"line":133},"24":{"loc":{"start":{"line":134,"column":26},"end":{"line":134,"column":41}},"type":"cond-expr","locations":[{"start":{"line":134,"column":35},"end":{"line":134,"column":36}},{"start":{"line":134,"column":39},"end":{"line":134,"column":41}}],"line":134},"25":{"loc":{"start":{"line":135,"column":24},"end":{"line":135,"column":39}},"type":"cond-expr","locations":[{"start":{"line":135,"column":33},"end":{"line":135,"column":34}},{"start":{"line":135,"column":37},"end":{"line":135,"column":39}}],"line":135},"26":{"loc":{"start":{"line":136,"column":26},"end":{"line":136,"column":41}},"type":"cond-expr","locations":[{"start":{"line":136,"column":35},"end":{"line":136,"column":36}},{"start":{"line":136,"column":39},"end":{"line":136,"column":41}}],"line":136},"27":{"loc":{"start":{"line":140,"column":19},"end":{"line":140,"column":52}},"type":"cond-expr","locations":[{"start":{"line":140,"column":47},"end":{"line":140,"column":48}},{"start":{"line":140,"column":51},"end":{"line":140,"column":52}}],"line":140},"28":{"loc":{"start":{"line":142,"column":4},"end":{"line":144,"column":5}},"type":"if","locations":[{"start":{"line":142,"column":4},"end":{"line":144,"column":5}},{"start":{},"end":{}}],"line":142},"29":{"loc":{"start":{"line":142,"column":8},"end":{"line":142,"column":62}},"type":"binary-expr","locations":[{"start":{"line":142,"column":8},"end":{"line":142,"column":28}},{"start":{"line":142,"column":32},"end":{"line":142,"column":62}}],"line":142},"30":{"loc":{"start":{"line":159,"column":2},"end":{"line":164,"column":3}},"type":"if","locations":[{"start":{"line":159,"column":2},"end":{"line":164,"column":3}},{"start":{},"end":{}}],"line":159},"31":{"loc":{"start":{"line":159,"column":6},"end":{"line":159,"column":63}},"type":"binary-expr","locations":[{"start":{"line":159,"column":6},"end":{"line":159,"column":39}},{"start":{"line":159,"column":43},"end":{"line":159,"column":51}},{"start":{"line":159,"column":55},"end":{"line":159,"column":63}}],"line":159},"32":{"loc":{"start":{"line":160,"column":4},"end":{"line":160,"column":74}},"type":"if","locations":[{"start":{"line":160,"column":4},"end":{"line":160,"column":74}},{"start":{},"end":{}}],"line":160},"33":{"loc":{"start":{"line":160,"column":8},"end":{"line":160,"column":57}},"type":"binary-expr","locations":[{"start":{"line":160,"column":8},"end":{"line":160,"column":14}},{"start":{"line":160,"column":18},"end":{"line":160,"column":34}},{"start":{"line":160,"column":38},"end":{"line":160,"column":57}}],"line":160},"34":{"loc":{"start":{"line":161,"column":4},"end":{"line":161,"column":71}},"type":"if","locations":[{"start":{"line":161,"column":4},"end":{"line":161,"column":71}},{"start":{},"end":{}}],"line":161},"35":{"loc":{"start":{"line":161,"column":8},"end":{"line":161,"column":55}},"type":"binary-expr","locations":[{"start":{"line":161,"column":8},"end":{"line":161,"column":14}},{"start":{"line":161,"column":18},"end":{"line":161,"column":33}},{"start":{"line":161,"column":37},"end":{"line":161,"column":55}}],"line":161},"36":{"loc":{"start":{"line":162,"column":4},"end":{"line":162,"column":65}},"type":"if","locations":[{"start":{"line":162,"column":4},"end":{"line":162,"column":65}},{"start":{},"end":{}}],"line":162},"37":{"loc":{"start":{"line":162,"column":8},"end":{"line":162,"column":51}},"type":"binary-expr","locations":[{"start":{"line":162,"column":8},"end":{"line":162,"column":14}},{"start":{"line":162,"column":18},"end":{"line":162,"column":31}},{"start":{"line":162,"column":35},"end":{"line":162,"column":51}}],"line":162},"38":{"loc":{"start":{"line":163,"column":4},"end":{"line":163,"column":71}},"type":"if","locations":[{"start":{"line":163,"column":4},"end":{"line":163,"column":71}},{"start":{},"end":{}}],"line":163},"39":{"loc":{"start":{"line":163,"column":8},"end":{"line":163,"column":55}},"type":"binary-expr","locations":[{"start":{"line":163,"column":8},"end":{"line":163,"column":14}},{"start":{"line":163,"column":18},"end":{"line":163,"column":33}},{"start":{"line":163,"column":37},"end":{"line":163,"column":55}}],"line":163},"40":{"loc":{"start":{"line":173,"column":9},"end":{"line":177,"column":24}},"type":"binary-expr","locations":[{"start":{"line":173,"column":9},"end":{"line":177,"column":16}},{"start":{"line":177,"column":20},"end":{"line":177,"column":24}}],"line":173},"41":{"loc":{"start":{"line":175,"column":4},"end":{"line":175,"column":63}},"type":"if","locations":[{"start":{"line":175,"column":4},"end":{"line":175,"column":63}},{"start":{},"end":{}}],"line":175},"42":{"loc":{"start":{"line":175,"column":8},"end":{"line":175,"column":39}},"type":"binary-expr","locations":[{"start":{"line":175,"column":8},"end":{"line":175,"column":16}},{"start":{"line":175,"column":20},"end":{"line":175,"column":39}}],"line":175},"43":{"loc":{"start":{"line":184,"column":2},"end":{"line":189,"column":3}},"type":"switch","locations":[{"start":{"line":185,"column":4},"end":{"line":185,"column":49}},{"start":{"line":186,"column":4},"end":{"line":186,"column":51}},{"start":{"line":187,"column":4},"end":{"line":187,"column":51}},{"start":{"line":188,"column":4},"end":{"line":188,"column":52}}],"line":184},"44":{"loc":{"start":{"line":193,"column":2},"end":{"line":193,"column":38}},"type":"if","locations":[{"start":{"line":193,"column":2},"end":{"line":193,"column":38}},{"start":{},"end":{}}],"line":193},"45":{"loc":{"start":{"line":194,"column":2},"end":{"line":194,"column":37}},"type":"if","locations":[{"start":{"line":194,"column":2},"end":{"line":194,"column":37}},{"start":{},"end":{}}],"line":194},"46":{"loc":{"start":{"line":195,"column":2},"end":{"line":195,"column":35}},"type":"if","locations":[{"start":{"line":195,"column":2},"end":{"line":195,"column":35}},{"start":{},"end":{}}],"line":195},"47":{"loc":{"start":{"line":196,"column":2},"end":{"line":196,"column":37}},"type":"if","locations":[{"start":{"line":196,"column":2},"end":{"line":196,"column":37}},{"start":{},"end":{}}],"line":196}},"s":{"0":10,"1":10,"2":10,"3":10,"4":1,"5":9,"6":17,"7":9,"8":1,"9":8,"10":8,"11":8,"12":8,"13":8,"14":8,"15":8,"16":0,"17":8,"18":7,"19":7,"20":4,"21":4,"22":1,"23":6,"24":1,"25":1,"26":1,"27":0,"28":0,"29":0,"30":0,"31":0,"32":1,"33":4,"34":4,"35":4,"36":4,"37":1,"38":3,"39":3,"40":3,"41":2,"42":1,"43":1,"44":4,"45":0,"46":4,"47":4,"48":4,"49":2,"50":1,"51":1,"52":6,"53":6,"54":6,"55":3,"56":3,"57":2,"58":2,"59":2,"60":2,"61":3,"62":3,"63":3,"64":3,"65":6,"66":6,"67":6,"68":20,"69":6,"70":6,"71":9,"72":5,"73":1,"74":0,"75":0,"76":0,"77":0,"78":0,"79":0,"80":0,"81":0,"82":0,"83":0,"84":0,"85":0,"86":0,"87":7,"88":7,"89":7,"90":6,"91":1,"92":9,"93":1,"94":3,"95":2,"96":3,"97":3,"98":0,"99":3,"100":1,"101":2,"102":0,"103":2,"104":2,"105":0},"f":{"0":10,"1":17,"2":8,"3":8,"4":0,"5":1,"6":4,"7":4,"8":1,"9":6,"10":20,"11":0,"12":7,"13":7,"14":9,"15":3},"b":{"0":[1,9],"1":[1,8],"2":[8,5,7],"3":[7,1],"4":[4,3],"5":[1,3],"6":[1,0],"7":[0,1],"8":[0,0],"9":[0,0],"10":[1,3],"11":[2,1],"12":[3,3,3],"13":[0,4],"14":[2,2],"15":[1,0],"16":[3,3],"17":[2,1],"18":[2,0],"19":[2,0],"20":[0,0],"21":[3,0],"22":[3,0],"23":[6,0],"24":[0,6],"25":[0,6],"26":[1,5],"27":[6,0],"28":[5,4],"29":[9,5],"30":[0,0],"31":[0,0,0],"32":[0,0],"33":[0,0,0],"34":[0,0],"35":[0,0,0],"36":[0,0],"37":[0,0,0],"38":[0,0],"39":[0,0,0],"40":[7,2],"41":[6,1],"42":[7,2],"43":[1,3,2,3],"44":[0,3],"45":[1,2],"46":[0,2],"47":[2,0]},"_coverageSchema":"1a1c01bbd47fc00a2c39e90264f33305004495a9","hash":"ec58475722d741627e8150b0c9cfe617d2842cbf"}
,"C:\\Website\\SDIP_Battlesnake\\logic\\movement.js": {"path":"C:\\Website\\SDIP_Battlesnake\\logic\\movement.js","statementMap":{"0":{"start":{"line":9,"column":17},"end":{"line":12,"column":1}},"1":{"start":{"line":14,"column":19},"end":{"line":14,"column":20}},"2":{"start":{"line":15,"column":20},"end":{"line":15,"column":24}},"3":{"start":{"line":21,"column":2},"end":{"line":120,"column":3}},"4":{"start":{"line":22,"column":4},"end":{"line":22,"column":76}},"5":{"start":{"line":23,"column":4},"end":{"line":23,"column":26}},"6":{"start":{"line":26,"column":23},"end":{"line":26,"column":46}},"7":{"start":{"line":27,"column":20},"end":{"line":27,"column":90}},"8":{"start":{"line":30,"column":4},"end":{"line":32,"column":7}},"9":{"start":{"line":31,"column":6},"end":{"line":31,"column":59}},"10":{"start":{"line":31,"column":40},"end":{"line":31,"column":59}},"11":{"start":{"line":35,"column":27},"end":{"line":35,"column":82}},"12":{"start":{"line":38,"column":19},"end":{"line":38,"column":23}},"13":{"start":{"line":39,"column":24},"end":{"line":39,"column":49}},"14":{"start":{"line":42,"column":4},"end":{"line":44,"column":5}},"15":{"start":{"line":43,"column":6},"end":{"line":43,"column":68}},"16":{"start":{"line":47,"column":4},"end":{"line":49,"column":5}},"17":{"start":{"line":48,"column":6},"end":{"line":48,"column":66}},"18":{"start":{"line":52,"column":4},"end":{"line":54,"column":5}},"19":{"start":{"line":53,"column":6},"end":{"line":53,"column":60}},"20":{"start":{"line":57,"column":4},"end":{"line":67,"column":5}},"21":{"start":{"line":58,"column":22},"end":{"line":58,"column":46}},"22":{"start":{"line":59,"column":6},"end":{"line":66,"column":7}},"23":{"start":{"line":59,"column":19},"end":{"line":59,"column":20}},"24":{"start":{"line":60,"column":28},"end":{"line":60,"column":72}},"25":{"start":{"line":61,"column":8},"end":{"line":65,"column":9}},"26":{"start":{"line":62,"column":10},"end":{"line":62,"column":65}},"27":{"start":{"line":63,"column":10},"end":{"line":63,"column":33}},"28":{"start":{"line":64,"column":10},"end":{"line":64,"column":16}},"29":{"start":{"line":70,"column":4},"end":{"line":85,"column":5}},"30":{"start":{"line":71,"column":21},"end":{"line":71,"column":70}},"31":{"start":{"line":72,"column":21},"end":{"line":72,"column":42}},"32":{"start":{"line":73,"column":29},"end":{"line":73,"column":31}},"33":{"start":{"line":76,"column":6},"end":{"line":76,"column":78}},"34":{"start":{"line":76,"column":50},"end":{"line":76,"column":78}},"35":{"start":{"line":77,"column":6},"end":{"line":77,"column":80}},"36":{"start":{"line":77,"column":51},"end":{"line":77,"column":80}},"37":{"start":{"line":78,"column":6},"end":{"line":78,"column":78}},"38":{"start":{"line":78,"column":50},"end":{"line":78,"column":78}},"39":{"start":{"line":79,"column":6},"end":{"line":79,"column":74}},"40":{"start":{"line":79,"column":48},"end":{"line":79,"column":74}},"41":{"start":{"line":81,"column":6},"end":{"line":84,"column":7}},"42":{"start":{"line":82,"column":8},"end":{"line":83,"column":76}},"43":{"start":{"line":83,"column":10},"end":{"line":83,"column":55}},"44":{"start":{"line":88,"column":4},"end":{"line":90,"column":5}},"45":{"start":{"line":89,"column":6},"end":{"line":89,"column":31}},"46":{"start":{"line":93,"column":4},"end":{"line":101,"column":5}},"47":{"start":{"line":94,"column":21},"end":{"line":94,"column":23}},"48":{"start":{"line":95,"column":6},"end":{"line":100,"column":9}},"49":{"start":{"line":96,"column":8},"end":{"line":99,"column":9}},"50":{"start":{"line":97,"column":10},"end":{"line":97,"column":37}},"51":{"start":{"line":98,"column":10},"end":{"line":98,"column":26}},"52":{"start":{"line":104,"column":4},"end":{"line":111,"column":5}},"53":{"start":{"line":105,"column":24},"end":{"line":105,"column":80}},"54":{"start":{"line":105,"column":63},"end":{"line":105,"column":79}},"55":{"start":{"line":106,"column":6},"end":{"line":110,"column":7}},"56":{"start":{"line":107,"column":8},"end":{"line":107,"column":75}},"57":{"start":{"line":109,"column":8},"end":{"line":109,"column":26}},"58":{"start":{"line":113,"column":4},"end":{"line":113,"column":46}},"59":{"start":{"line":114,"column":4},"end":{"line":114,"column":29}},"60":{"start":{"line":115,"column":4},"end":{"line":115,"column":30}},"61":{"start":{"line":118,"column":4},"end":{"line":118,"column":52}},"62":{"start":{"line":119,"column":4},"end":{"line":119,"column":28}}},"fnMap":{"0":{"name":"move","decl":{"start":{"line":20,"column":16},"end":{"line":20,"column":20}},"loc":{"start":{"line":20,"column":32},"end":{"line":121,"column":1}},"line":20},"1":{"name":"(anonymous_1)","decl":{"start":{"line":30,"column":44},"end":{"line":30,"column":45}},"loc":{"start":{"line":30,"column":51},"end":{"line":32,"column":5}},"line":30},"2":{"name":"(anonymous_2)","decl":{"start":{"line":82,"column":41},"end":{"line":82,"column":42}},"loc":{"start":{"line":83,"column":10},"end":{"line":83,"column":55}},"line":83},"3":{"name":"(anonymous_3)","decl":{"start":{"line":95,"column":38},"end":{"line":95,"column":39}},"loc":{"start":{"line":95,"column":46},"end":{"line":100,"column":7}},"line":95},"4":{"name":"(anonymous_4)","decl":{"start":{"line":105,"column":55},"end":{"line":105,"column":56}},"loc":{"start":{"line":105,"column":63},"end":{"line":105,"column":79}},"line":105}},"branchMap":{"0":{"loc":{"start":{"line":27,"column":20},"end":{"line":27,"column":90}},"type":"binary-expr","locations":[{"start":{"line":27,"column":20},"end":{"line":27,"column":49}},{"start":{"line":27,"column":53},"end":{"line":27,"column":90}}],"line":27},"1":{"loc":{"start":{"line":31,"column":6},"end":{"line":31,"column":59}},"type":"if","locations":[{"start":{"line":31,"column":6},"end":{"line":31,"column":59}},{"start":{},"end":{}}],"line":31},"2":{"loc":{"start":{"line":35,"column":27},"end":{"line":35,"column":82}},"type":"cond-expr","locations":[{"start":{"line":35,"column":60},"end":{"line":35,"column":71}},{"start":{"line":35,"column":74},"end":{"line":35,"column":82}}],"line":35},"3":{"loc":{"start":{"line":42,"column":4},"end":{"line":44,"column":5}},"type":"if","locations":[{"start":{"line":42,"column":4},"end":{"line":44,"column":5}},{"start":{},"end":{}}],"line":42},"4":{"loc":{"start":{"line":47,"column":4},"end":{"line":49,"column":5}},"type":"if","locations":[{"start":{"line":47,"column":4},"end":{"line":49,"column":5}},{"start":{},"end":{}}],"line":47},"5":{"loc":{"start":{"line":47,"column":8},"end":{"line":47,"column":38}},"type":"binary-expr","locations":[{"start":{"line":47,"column":8},"end":{"line":47,"column":17}},{"start":{"line":47,"column":22},"end":{"line":47,"column":37}}],"line":47},"6":{"loc":{"start":{"line":52,"column":4},"end":{"line":54,"column":5}},"type":"if","locations":[{"start":{"line":52,"column":4},"end":{"line":54,"column":5}},{"start":{},"end":{}}],"line":52},"7":{"loc":{"start":{"line":52,"column":8},"end":{"line":52,"column":68}},"type":"binary-expr","locations":[{"start":{"line":52,"column":8},"end":{"line":52,"column":17}},{"start":{"line":52,"column":22},"end":{"line":52,"column":47}},{"start":{"line":52,"column":51},"end":{"line":52,"column":67}}],"line":52},"8":{"loc":{"start":{"line":57,"column":4},"end":{"line":67,"column":5}},"type":"if","locations":[{"start":{"line":57,"column":4},"end":{"line":67,"column":5}},{"start":{},"end":{}}],"line":57},"9":{"loc":{"start":{"line":61,"column":8},"end":{"line":65,"column":9}},"type":"if","locations":[{"start":{"line":61,"column":8},"end":{"line":65,"column":9}},{"start":{},"end":{}}],"line":61},"10":{"loc":{"start":{"line":61,"column":12},"end":{"line":61,"column":65}},"type":"binary-expr","locations":[{"start":{"line":61,"column":12},"end":{"line":61,"column":35}},{"start":{"line":61,"column":39},"end":{"line":61,"column":65}}],"line":61},"11":{"loc":{"start":{"line":70,"column":4},"end":{"line":85,"column":5}},"type":"if","locations":[{"start":{"line":70,"column":4},"end":{"line":85,"column":5}},{"start":{},"end":{}}],"line":70},"12":{"loc":{"start":{"line":76,"column":6},"end":{"line":76,"column":78}},"type":"if","locations":[{"start":{"line":76,"column":6},"end":{"line":76,"column":78}},{"start":{},"end":{}}],"line":76},"13":{"loc":{"start":{"line":76,"column":10},"end":{"line":76,"column":48}},"type":"binary-expr","locations":[{"start":{"line":76,"column":10},"end":{"line":76,"column":29}},{"start":{"line":76,"column":33},"end":{"line":76,"column":48}}],"line":76},"14":{"loc":{"start":{"line":77,"column":6},"end":{"line":77,"column":80}},"type":"if","locations":[{"start":{"line":77,"column":6},"end":{"line":77,"column":80}},{"start":{},"end":{}}],"line":77},"15":{"loc":{"start":{"line":77,"column":10},"end":{"line":77,"column":49}},"type":"binary-expr","locations":[{"start":{"line":77,"column":10},"end":{"line":77,"column":29}},{"start":{"line":77,"column":33},"end":{"line":77,"column":49}}],"line":77},"16":{"loc":{"start":{"line":78,"column":6},"end":{"line":78,"column":78}},"type":"if","locations":[{"start":{"line":78,"column":6},"end":{"line":78,"column":78}},{"start":{},"end":{}}],"line":78},"17":{"loc":{"start":{"line":78,"column":10},"end":{"line":78,"column":48}},"type":"binary-expr","locations":[{"start":{"line":78,"column":10},"end":{"line":78,"column":29}},{"start":{"line":78,"column":33},"end":{"line":78,"column":48}}],"line":78},"18":{"loc":{"start":{"line":79,"column":6},"end":{"line":79,"column":74}},"type":"if","locations":[{"start":{"line":79,"column":6},"end":{"line":79,"column":74}},{"start":{},"end":{}}],"line":79},"19":{"loc":{"start":{"line":79,"column":10},"end":{"line":79,"column":46}},"type":"binary-expr","locations":[{"start":{"line":79,"column":10},"end":{"line":79,"column":29}},{"start":{"line":79,"column":33},"end":{"line":79,"column":46}}],"line":79},"20":{"loc":{"start":{"line":81,"column":6},"end":{"line":84,"column":7}},"type":"if","locations":[{"start":{"line":81,"column":6},"end":{"line":84,"column":7}},{"start":{},"end":{}}],"line":81},"21":{"loc":{"start":{"line":83,"column":10},"end":{"line":83,"column":55}},"type":"cond-expr","locations":[{"start":{"line":83,"column":45},"end":{"line":83,"column":48}},{"start":{"line":83,"column":51},"end":{"line":83,"column":55}}],"line":83},"22":{"loc":{"start":{"line":88,"column":4},"end":{"line":90,"column":5}},"type":"if","locations":[{"start":{"line":88,"column":4},"end":{"line":90,"column":5}},{"start":{},"end":{}}],"line":88},"23":{"loc":{"start":{"line":88,"column":8},"end":{"line":88,"column":95}},"type":"binary-expr","locations":[{"start":{"line":88,"column":8},"end":{"line":88,"column":17}},{"start":{"line":88,"column":21},"end":{"line":88,"column":34}},{"start":{"line":88,"column":38},"end":{"line":88,"column":63}},{"start":{"line":88,"column":67},"end":{"line":88,"column":95}}],"line":88},"24":{"loc":{"start":{"line":93,"column":4},"end":{"line":101,"column":5}},"type":"if","locations":[{"start":{"line":93,"column":4},"end":{"line":101,"column":5}},{"start":{},"end":{}}],"line":93},"25":{"loc":{"start":{"line":96,"column":8},"end":{"line":99,"column":9}},"type":"if","locations":[{"start":{"line":96,"column":8},"end":{"line":99,"column":9}},{"start":{},"end":{}}],"line":96},"26":{"loc":{"start":{"line":96,"column":12},"end":{"line":96,"column":58}},"type":"binary-expr","locations":[{"start":{"line":96,"column":12},"end":{"line":96,"column":28}},{"start":{"line":96,"column":32},"end":{"line":96,"column":58}}],"line":96},"27":{"loc":{"start":{"line":104,"column":4},"end":{"line":111,"column":5}},"type":"if","locations":[{"start":{"line":104,"column":4},"end":{"line":111,"column":5}},{"start":{},"end":{}}],"line":104},"28":{"loc":{"start":{"line":106,"column":6},"end":{"line":110,"column":7}},"type":"if","locations":[{"start":{"line":106,"column":6},"end":{"line":110,"column":7}},{"start":{"line":108,"column":13},"end":{"line":110,"column":7}}],"line":106}},"s":{"0":1,"1":1,"2":1,"3":1,"4":1,"5":1,"6":1,"7":1,"8":1,"9":4,"10":0,"11":1,"12":1,"13":1,"14":1,"15":0,"16":1,"17":0,"18":1,"19":1,"20":1,"21":1,"22":1,"23":1,"24":1,"25":1,"26":1,"27":1,"28":1,"29":1,"30":0,"31":0,"32":0,"33":0,"34":0,"35":0,"36":0,"37":0,"38":0,"39":0,"40":0,"41":0,"42":0,"43":0,"44":1,"45":0,"46":1,"47":0,"48":0,"49":0,"50":0,"51":0,"52":1,"53":0,"54":0,"55":0,"56":0,"57":0,"58":1,"59":1,"60":1,"61":0,"62":0},"f":{"0":1,"1":4,"2":0,"3":0,"4":0},"b":{"0":[1,0],"1":[0,4],"2":[0,1],"3":[0,1],"4":[0,1],"5":[1,1],"6":[1,0],"7":[1,1,1],"8":[1,0],"9":[1,0],"10":[1,1],"11":[0,1],"12":[0,0],"13":[0,0],"14":[0,0],"15":[0,0],"16":[0,0],"17":[0,0],"18":[0,0],"19":[0,0],"20":[0,0],"21":[0,0],"22":[0,1],"23":[1,0,0,0],"24":[0,1],"25":[0,0],"26":[0,0],"27":[0,1],"28":[0,0]},"_coverageSchema":"1a1c01bbd47fc00a2c39e90264f33305004495a9","hash":"5b5867528aca1f33a46e06c2593b844011fd1936"}
,"C:\\Website\\SDIP_Battlesnake\\logic\\safety.js": {"path":"C:\\Website\\SDIP_Battlesnake\\logic\\safety.js","statementMap":{"0":{"start":{"line":7,"column":17},"end":{"line":7,"column":38}},"1":{"start":{"line":8,"column":19},"end":{"line":8,"column":44}},"2":{"start":{"line":9,"column":19},"end":{"line":9,"column":39}},"3":{"start":{"line":10,"column":16},"end":{"line":10,"column":31}},"4":{"start":{"line":13,"column":21},"end":{"line":18,"column":3}},"5":{"start":{"line":21,"column":23},"end":{"line":26,"column":3}},"6":{"start":{"line":30,"column":2},"end":{"line":30,"column":60}},"7":{"start":{"line":30,"column":35},"end":{"line":30,"column":60}},"8":{"start":{"line":31,"column":2},"end":{"line":31,"column":48}},"9":{"start":{"line":31,"column":24},"end":{"line":31,"column":48}},"10":{"start":{"line":32,"column":2},"end":{"line":32,"column":58}},"11":{"start":{"line":32,"column":36},"end":{"line":32,"column":58}},"12":{"start":{"line":33,"column":2},"end":{"line":33,"column":48}},"13":{"start":{"line":33,"column":24},"end":{"line":33,"column":48}},"14":{"start":{"line":36,"column":18},"end":{"line":38,"column":3}},"15":{"start":{"line":37,"column":4},"end":{"line":37,"column":67}},"16":{"start":{"line":41,"column":2},"end":{"line":55,"column":5}},"17":{"start":{"line":42,"column":19},"end":{"line":42,"column":48}},"18":{"start":{"line":44,"column":4},"end":{"line":54,"column":7}},"19":{"start":{"line":46,"column":6},"end":{"line":46,"column":72}},"20":{"start":{"line":46,"column":65},"end":{"line":46,"column":72}},"21":{"start":{"line":47,"column":6},"end":{"line":47,"column":61}},"22":{"start":{"line":47,"column":54},"end":{"line":47,"column":61}},"23":{"start":{"line":50,"column":6},"end":{"line":50,"column":89}},"24":{"start":{"line":50,"column":64},"end":{"line":50,"column":89}},"25":{"start":{"line":51,"column":6},"end":{"line":51,"column":88}},"26":{"start":{"line":51,"column":64},"end":{"line":51,"column":88}},"27":{"start":{"line":52,"column":6},"end":{"line":52,"column":86}},"28":{"start":{"line":52,"column":64},"end":{"line":52,"column":86}},"29":{"start":{"line":53,"column":6},"end":{"line":53,"column":88}},"30":{"start":{"line":53,"column":64},"end":{"line":53,"column":88}},"31":{"start":{"line":58,"column":2},"end":{"line":84,"column":5}},"32":{"start":{"line":59,"column":4},"end":{"line":59,"column":46}},"33":{"start":{"line":59,"column":39},"end":{"line":59,"column":46}},"34":{"start":{"line":61,"column":22},"end":{"line":61,"column":35}},"35":{"start":{"line":62,"column":24},"end":{"line":62,"column":41}},"36":{"start":{"line":65,"column":23},"end":{"line":65,"column":54}},"37":{"start":{"line":66,"column":4},"end":{"line":83,"column":7}},"38":{"start":{"line":67,"column":6},"end":{"line":67,"column":35}},"39":{"start":{"line":67,"column":28},"end":{"line":67,"column":35}},"40":{"start":{"line":69,"column":22},"end":{"line":69,"column":50}},"41":{"start":{"line":72,"column":6},"end":{"line":82,"column":9}},"42":{"start":{"line":73,"column":26},"end":{"line":73,"column":62}},"43":{"start":{"line":76,"column":8},"end":{"line":81,"column":9}},"44":{"start":{"line":78,"column":10},"end":{"line":80,"column":11}},"45":{"start":{"line":79,"column":12},"end":{"line":79,"column":36}},"46":{"start":{"line":87,"column":21},"end":{"line":87,"column":52}},"47":{"start":{"line":88,"column":2},"end":{"line":113,"column":5}},"48":{"start":{"line":89,"column":4},"end":{"line":89,"column":33}},"49":{"start":{"line":89,"column":26},"end":{"line":89,"column":33}},"50":{"start":{"line":91,"column":20},"end":{"line":91,"column":48}},"51":{"start":{"line":94,"column":18},"end":{"line":94,"column":58}},"52":{"start":{"line":97,"column":4},"end":{"line":99,"column":5}},"53":{"start":{"line":98,"column":6},"end":{"line":98,"column":30}},"54":{"start":{"line":102,"column":4},"end":{"line":112,"column":5}},"55":{"start":{"line":104,"column":26},"end":{"line":106,"column":7}},"56":{"start":{"line":105,"column":8},"end":{"line":105,"column":52}},"57":{"start":{"line":108,"column":6},"end":{"line":111,"column":7}},"58":{"start":{"line":109,"column":8},"end":{"line":109,"column":62}},"59":{"start":{"line":110,"column":8},"end":{"line":110,"column":31}},"60":{"start":{"line":115,"column":2},"end":{"line":115,"column":20}},"61":{"start":{"line":122,"column":18},"end":{"line":122,"column":27}},"62":{"start":{"line":123,"column":16},"end":{"line":123,"column":26}},"63":{"start":{"line":124,"column":21},"end":{"line":124,"column":42}},"64":{"start":{"line":125,"column":22},"end":{"line":125,"column":44}},"65":{"start":{"line":128,"column":20},"end":{"line":128,"column":29}},"66":{"start":{"line":129,"column":2},"end":{"line":133,"column":5}},"67":{"start":{"line":130,"column":4},"end":{"line":132,"column":7}},"68":{"start":{"line":131,"column":6},"end":{"line":131,"column":49}},"69":{"start":{"line":136,"column":2},"end":{"line":153,"column":3}},"70":{"start":{"line":137,"column":16},"end":{"line":137,"column":29}},"71":{"start":{"line":138,"column":19},"end":{"line":138,"column":38}},"72":{"start":{"line":140,"column":4},"end":{"line":144,"column":5}},"73":{"start":{"line":143,"column":6},"end":{"line":143,"column":15}},"74":{"start":{"line":146,"column":4},"end":{"line":146,"column":24}},"75":{"start":{"line":149,"column":4},"end":{"line":149,"column":43}},"76":{"start":{"line":150,"column":4},"end":{"line":150,"column":43}},"77":{"start":{"line":151,"column":4},"end":{"line":151,"column":43}},"78":{"start":{"line":152,"column":4},"end":{"line":152,"column":43}},"79":{"start":{"line":155,"column":2},"end":{"line":155,"column":22}},"80":{"start":{"line":162,"column":2},"end":{"line":167,"column":3}},"81":{"start":{"line":163,"column":15},"end":{"line":163,"column":49}},"82":{"start":{"line":164,"column":17},"end":{"line":164,"column":51}},"83":{"start":{"line":165,"column":17},"end":{"line":165,"column":51}},"84":{"start":{"line":166,"column":18},"end":{"line":166,"column":52}},"85":{"start":{"line":177,"column":17},"end":{"line":177,"column":38}},"86":{"start":{"line":178,"column":17},"end":{"line":178,"column":63}},"87":{"start":{"line":181,"column":2},"end":{"line":186,"column":3}},"88":{"start":{"line":185,"column":4},"end":{"line":185,"column":17}},"89":{"start":{"line":189,"column":2},"end":{"line":194,"column":3}},"90":{"start":{"line":189,"column":15},"end":{"line":189,"column":16}},"91":{"start":{"line":190,"column":20},"end":{"line":190,"column":41}},"92":{"start":{"line":191,"column":4},"end":{"line":193,"column":5}},"93":{"start":{"line":192,"column":6},"end":{"line":192,"column":19}},"94":{"start":{"line":197,"column":2},"end":{"line":206,"column":3}},"95":{"start":{"line":198,"column":4},"end":{"line":205,"column":5}},"96":{"start":{"line":199,"column":6},"end":{"line":199,"column":50}},"97":{"start":{"line":199,"column":41},"end":{"line":199,"column":50}},"98":{"start":{"line":200,"column":6},"end":{"line":204,"column":7}},"99":{"start":{"line":201,"column":8},"end":{"line":203,"column":9}},"100":{"start":{"line":202,"column":10},"end":{"line":202,"column":23}},"101":{"start":{"line":208,"column":2},"end":{"line":208,"column":14}}},"fnMap":{"0":{"name":"getSafeMoves","decl":{"start":{"line":6,"column":16},"end":{"line":6,"column":28}},"loc":{"start":{"line":6,"column":40},"end":{"line":116,"column":1}},"line":6},"1":{"name":"(anonymous_1)","decl":{"start":{"line":36,"column":34},"end":{"line":36,"column":35}},"loc":{"start":{"line":37,"column":4},"end":{"line":37,"column":67}},"line":37},"2":{"name":"(anonymous_2)","decl":{"start":{"line":41,"column":23},"end":{"line":41,"column":24}},"loc":{"start":{"line":41,"column":32},"end":{"line":55,"column":3}},"line":41},"3":{"name":"(anonymous_3)","decl":{"start":{"line":44,"column":23},"end":{"line":44,"column":24}},"loc":{"start":{"line":44,"column":43},"end":{"line":54,"column":5}},"line":44},"4":{"name":"(anonymous_4)","decl":{"start":{"line":58,"column":23},"end":{"line":58,"column":24}},"loc":{"start":{"line":58,"column":32},"end":{"line":84,"column":3}},"line":58},"5":{"name":"(anonymous_5)","decl":{"start":{"line":66,"column":23},"end":{"line":66,"column":24}},"loc":{"start":{"line":66,"column":30},"end":{"line":83,"column":5}},"line":66},"6":{"name":"(anonymous_6)","decl":{"start":{"line":72,"column":46},"end":{"line":72,"column":47}},"loc":{"start":{"line":72,"column":58},"end":{"line":82,"column":7}},"line":72},"7":{"name":"(anonymous_7)","decl":{"start":{"line":88,"column":21},"end":{"line":88,"column":22}},"loc":{"start":{"line":88,"column":28},"end":{"line":113,"column":3}},"line":88},"8":{"name":"(anonymous_8)","decl":{"start":{"line":104,"column":42},"end":{"line":104,"column":43}},"loc":{"start":{"line":105,"column":8},"end":{"line":105,"column":52}},"line":105},"9":{"name":"countAccessibleSpace","decl":{"start":{"line":121,"column":9},"end":{"line":121,"column":29}},"loc":{"start":{"line":121,"column":51},"end":{"line":156,"column":1}},"line":121},"10":{"name":"(anonymous_10)","decl":{"start":{"line":129,"column":33},"end":{"line":129,"column":34}},"loc":{"start":{"line":129,"column":42},"end":{"line":133,"column":3}},"line":129},"11":{"name":"(anonymous_11)","decl":{"start":{"line":130,"column":23},"end":{"line":130,"column":24}},"loc":{"start":{"line":130,"column":34},"end":{"line":132,"column":5}},"line":130},"12":{"name":"getNextPosition","decl":{"start":{"line":161,"column":9},"end":{"line":161,"column":24}},"loc":{"start":{"line":161,"column":41},"end":{"line":168,"column":1}},"line":161},"13":{"name":"isMoveSafe","decl":{"start":{"line":176,"column":16},"end":{"line":176,"column":26}},"loc":{"start":{"line":176,"column":44},"end":{"line":209,"column":1}},"line":176}},"branchMap":{"0":{"loc":{"start":{"line":30,"column":2},"end":{"line":30,"column":60}},"type":"if","locations":[{"start":{"line":30,"column":2},"end":{"line":30,"column":60}},{"start":{},"end":{}}],"line":30},"1":{"loc":{"start":{"line":31,"column":2},"end":{"line":31,"column":48}},"type":"if","locations":[{"start":{"line":31,"column":2},"end":{"line":31,"column":48}},{"start":{},"end":{}}],"line":31},"2":{"loc":{"start":{"line":32,"column":2},"end":{"line":32,"column":58}},"type":"if","locations":[{"start":{"line":32,"column":2},"end":{"line":32,"column":58}},{"start":{},"end":{}}],"line":32},"3":{"loc":{"start":{"line":33,"column":2},"end":{"line":33,"column":48}},"type":"if","locations":[{"start":{"line":33,"column":2},"end":{"line":33,"column":48}},{"start":{},"end":{}}],"line":33},"4":{"loc":{"start":{"line":46,"column":6},"end":{"line":46,"column":72}},"type":"if","locations":[{"start":{"line":46,"column":6},"end":{"line":46,"column":72}},{"start":{},"end":{}}],"line":46},"5":{"loc":{"start":{"line":46,"column":10},"end":{"line":46,"column":63}},"type":"binary-expr","locations":[{"start":{"line":46,"column":10},"end":{"line":46,"column":16}},{"start":{"line":46,"column":20},"end":{"line":46,"column":51}},{"start":{"line":46,"column":55},"end":{"line":46,"column":63}}],"line":46},"6":{"loc":{"start":{"line":47,"column":6},"end":{"line":47,"column":61}},"type":"if","locations":[{"start":{"line":47,"column":6},"end":{"line":47,"column":61}},{"start":{},"end":{}}],"line":47},"7":{"loc":{"start":{"line":47,"column":10},"end":{"line":47,"column":52}},"type":"binary-expr","locations":[{"start":{"line":47,"column":10},"end":{"line":47,"column":17}},{"start":{"line":47,"column":21},"end":{"line":47,"column":52}}],"line":47},"8":{"loc":{"start":{"line":50,"column":6},"end":{"line":50,"column":89}},"type":"if","locations":[{"start":{"line":50,"column":6},"end":{"line":50,"column":89}},{"start":{},"end":{}}],"line":50},"9":{"loc":{"start":{"line":50,"column":10},"end":{"line":50,"column":62}},"type":"binary-expr","locations":[{"start":{"line":50,"column":10},"end":{"line":50,"column":36}},{"start":{"line":50,"column":40},"end":{"line":50,"column":62}}],"line":50},"10":{"loc":{"start":{"line":51,"column":6},"end":{"line":51,"column":88}},"type":"if","locations":[{"start":{"line":51,"column":6},"end":{"line":51,"column":88}},{"start":{},"end":{}}],"line":51},"11":{"loc":{"start":{"line":51,"column":10},"end":{"line":51,"column":62}},"type":"binary-expr","locations":[{"start":{"line":51,"column":10},"end":{"line":51,"column":36}},{"start":{"line":51,"column":40},"end":{"line":51,"column":62}}],"line":51},"12":{"loc":{"start":{"line":52,"column":6},"end":{"line":52,"column":86}},"type":"if","locations":[{"start":{"line":52,"column":6},"end":{"line":52,"column":86}},{"start":{},"end":{}}],"line":52},"13":{"loc":{"start":{"line":52,"column":10},"end":{"line":52,"column":62}},"type":"binary-expr","locations":[{"start":{"line":52,"column":10},"end":{"line":52,"column":32}},{"start":{"line":52,"column":36},"end":{"line":52,"column":62}}],"line":52},"14":{"loc":{"start":{"line":53,"column":6},"end":{"line":53,"column":88}},"type":"if","locations":[{"start":{"line":53,"column":6},"end":{"line":53,"column":88}},{"start":{},"end":{}}],"line":53},"15":{"loc":{"start":{"line":53,"column":10},"end":{"line":53,"column":62}},"type":"binary-expr","locations":[{"start":{"line":53,"column":10},"end":{"line":53,"column":32}},{"start":{"line":53,"column":36},"end":{"line":53,"column":62}}],"line":53},"16":{"loc":{"start":{"line":59,"column":4},"end":{"line":59,"column":46}},"type":"if","locations":[{"start":{"line":59,"column":4},"end":{"line":59,"column":46}},{"start":{},"end":{}}],"line":59},"17":{"loc":{"start":{"line":67,"column":6},"end":{"line":67,"column":35}},"type":"if","locations":[{"start":{"line":67,"column":6},"end":{"line":67,"column":35}},{"start":{},"end":{}}],"line":67},"18":{"loc":{"start":{"line":76,"column":8},"end":{"line":81,"column":9}},"type":"if","locations":[{"start":{"line":76,"column":8},"end":{"line":81,"column":9}},{"start":{},"end":{}}],"line":76},"19":{"loc":{"start":{"line":76,"column":12},"end":{"line":76,"column":66}},"type":"binary-expr","locations":[{"start":{"line":76,"column":12},"end":{"line":76,"column":37}},{"start":{"line":76,"column":41},"end":{"line":76,"column":66}}],"line":76},"20":{"loc":{"start":{"line":78,"column":10},"end":{"line":80,"column":11}},"type":"if","locations":[{"start":{"line":78,"column":10},"end":{"line":80,"column":11}},{"start":{},"end":{}}],"line":78},"21":{"loc":{"start":{"line":89,"column":4},"end":{"line":89,"column":33}},"type":"if","locations":[{"start":{"line":89,"column":4},"end":{"line":89,"column":33}},{"start":{},"end":{}}],"line":89},"22":{"loc":{"start":{"line":97,"column":4},"end":{"line":99,"column":5}},"type":"if","locations":[{"start":{"line":97,"column":4},"end":{"line":99,"column":5}},{"start":{},"end":{}}],"line":97},"23":{"loc":{"start":{"line":102,"column":4},"end":{"line":112,"column":5}},"type":"if","locations":[{"start":{"line":102,"column":4},"end":{"line":112,"column":5}},{"start":{},"end":{}}],"line":102},"24":{"loc":{"start":{"line":102,"column":8},"end":{"line":102,"column":41}},"type":"binary-expr","locations":[{"start":{"line":102,"column":8},"end":{"line":102,"column":24}},{"start":{"line":102,"column":28},"end":{"line":102,"column":41}}],"line":102},"25":{"loc":{"start":{"line":105,"column":8},"end":{"line":105,"column":52}},"type":"binary-expr","locations":[{"start":{"line":105,"column":8},"end":{"line":105,"column":28}},{"start":{"line":105,"column":32},"end":{"line":105,"column":52}}],"line":105},"26":{"loc":{"start":{"line":108,"column":6},"end":{"line":111,"column":7}},"type":"if","locations":[{"start":{"line":108,"column":6},"end":{"line":111,"column":7}},{"start":{},"end":{}}],"line":108},"27":{"loc":{"start":{"line":140,"column":4},"end":{"line":144,"column":5}},"type":"if","locations":[{"start":{"line":140,"column":4},"end":{"line":144,"column":5}},{"start":{},"end":{}}],"line":140},"28":{"loc":{"start":{"line":140,"column":8},"end":{"line":142,"column":52}},"type":"binary-expr","locations":[{"start":{"line":140,"column":8},"end":{"line":140,"column":17}},{"start":{"line":140,"column":21},"end":{"line":140,"column":30}},{"start":{"line":141,"column":8},"end":{"line":141,"column":27}},{"start":{"line":141,"column":31},"end":{"line":141,"column":51}},{"start":{"line":142,"column":8},"end":{"line":142,"column":27}},{"start":{"line":142,"column":31},"end":{"line":142,"column":52}}],"line":140},"29":{"loc":{"start":{"line":162,"column":2},"end":{"line":167,"column":3}},"type":"switch","locations":[{"start":{"line":163,"column":4},"end":{"line":163,"column":49}},{"start":{"line":164,"column":4},"end":{"line":164,"column":51}},{"start":{"line":165,"column":4},"end":{"line":165,"column":51}},{"start":{"line":166,"column":4},"end":{"line":166,"column":52}}],"line":162},"30":{"loc":{"start":{"line":181,"column":2},"end":{"line":186,"column":3}},"type":"if","locations":[{"start":{"line":181,"column":2},"end":{"line":186,"column":3}},{"start":{},"end":{}}],"line":181},"31":{"loc":{"start":{"line":181,"column":6},"end":{"line":184,"column":42}},"type":"binary-expr","locations":[{"start":{"line":181,"column":6},"end":{"line":181,"column":21}},{"start":{"line":182,"column":7},"end":{"line":182,"column":19}},{"start":{"line":182,"column":23},"end":{"line":182,"column":35}},{"start":{"line":183,"column":7},"end":{"line":183,"column":40}},{"start":{"line":184,"column":7},"end":{"line":184,"column":41}}],"line":181},"32":{"loc":{"start":{"line":191,"column":4},"end":{"line":193,"column":5}},"type":"if","locations":[{"start":{"line":191,"column":4},"end":{"line":193,"column":5}},{"start":{},"end":{}}],"line":191},"33":{"loc":{"start":{"line":191,"column":8},"end":{"line":191,"column":56}},"type":"binary-expr","locations":[{"start":{"line":191,"column":8},"end":{"line":191,"column":30}},{"start":{"line":191,"column":34},"end":{"line":191,"column":56}}],"line":191},"34":{"loc":{"start":{"line":197,"column":2},"end":{"line":206,"column":3}},"type":"if","locations":[{"start":{"line":197,"column":2},"end":{"line":206,"column":3}},{"start":{},"end":{}}],"line":197},"35":{"loc":{"start":{"line":197,"column":6},"end":{"line":197,"column":47}},"type":"binary-expr","locations":[{"start":{"line":197,"column":6},"end":{"line":197,"column":21}},{"start":{"line":197,"column":25},"end":{"line":197,"column":47}}],"line":197},"36":{"loc":{"start":{"line":199,"column":6},"end":{"line":199,"column":50}},"type":"if","locations":[{"start":{"line":199,"column":6},"end":{"line":199,"column":50}},{"start":{},"end":{}}],"line":199},"37":{"loc":{"start":{"line":201,"column":8},"end":{"line":203,"column":9}},"type":"if","locations":[{"start":{"line":201,"column":8},"end":{"line":203,"column":9}},{"start":{},"end":{}}],"line":201},"38":{"loc":{"start":{"line":201,"column":12},"end":{"line":201,"column":60}},"type":"binary-expr","locations":[{"start":{"line":201,"column":12},"end":{"line":201,"column":34}},{"start":{"line":201,"column":38},"end":{"line":201,"column":60}}],"line":201}},"s":{"0":8,"1":8,"2":8,"3":8,"4":8,"5":8,"6":8,"7":0,"8":8,"9":1,"10":8,"11":0,"12":8,"13":1,"14":8,"15":1,"16":8,"17":11,"18":11,"19":33,"20":6,"21":27,"22":4,"23":23,"24":2,"25":23,"26":0,"27":23,"28":0,"29":23,"30":4,"31":8,"32":11,"33":7,"34":4,"35":4,"36":4,"37":4,"38":16,"39":4,"40":12,"41":12,"42":48,"43":48,"44":3,"45":2,"46":8,"47":8,"48":32,"49":10,"50":22,"51":22,"52":22,"53":1,"54":22,"55":0,"56":0,"57":0,"58":0,"59":0,"60":8,"61":22,"62":22,"63":22,"64":22,"65":22,"66":22,"67":28,"68":85,"69":22,"70":8434,"71":8434,"72":8434,"73":6331,"74":2103,"75":2103,"76":2103,"77":2103,"78":2103,"79":22,"80":82,"81":24,"82":16,"83":23,"84":19,"85":0,"86":0,"87":0,"88":0,"89":0,"90":0,"91":0,"92":0,"93":0,"94":0,"95":0,"96":0,"97":0,"98":0,"99":0,"100":0,"101":0},"f":{"0":8,"1":1,"2":11,"3":33,"4":11,"5":16,"6":48,"7":32,"8":0,"9":22,"10":28,"11":85,"12":82,"13":0},"b":{"0":[0,8],"1":[1,7],"2":[0,8],"3":[1,7],"4":[6,27],"5":[33,20,7],"6":[4,23],"7":[27,13],"8":[2,21],"9":[23,4],"10":[0,23],"11":[23,0],"12":[0,23],"13":[23,12],"14":[4,19],"15":[23,12],"16":[7,4],"17":[4,12],"18":[3,45],"19":[48,5],"20":[2,1],"21":[10,22],"22":[1,21],"23":[0,22],"24":[22,1],"25":[0,0],"26":[0,0],"27":[6331,2103],"28":[8434,8222,8010,7796,7582,2306],"29":[24,16,23,19],"30":[0,0],"31":[0,0,0,0,0],"32":[0,0],"33":[0,0],"34":[0,0],"35":[0,0],"36":[0,0],"37":[0,0],"38":[0,0]},"_coverageSchema":"1a1c01bbd47fc00a2c39e90264f33305004495a9","hash":"07ae76a536155c68646fc430143da814fd786aea"}
,"C:\\Website\\SDIP_Battlesnake\\logic\\zigzag.js": {"path":"C:\\Website\\SDIP_Battlesnake\\logic\\zigzag.js","statementMap":{"0":{"start":{"line":10,"column":17},"end":{"line":10,"column":38}},"1":{"start":{"line":11,"column":19},"end":{"line":11,"column":44}},"2":{"start":{"line":12,"column":15},"end":{"line":12,"column":29}},"3":{"start":{"line":15,"column":22},"end":{"line":15,"column":26}},"4":{"start":{"line":16,"column":2},"end":{"line":19,"column":3}},"5":{"start":{"line":17,"column":17},"end":{"line":17,"column":38}},"6":{"start":{"line":18,"column":4},"end":{"line":18,"column":47}},"7":{"start":{"line":22,"column":2},"end":{"line":25,"column":3}},"8":{"start":{"line":23,"column":27},"end":{"line":23,"column":79}},"9":{"start":{"line":24,"column":4},"end":{"line":24,"column":46}},"10":{"start":{"line":24,"column":24},"end":{"line":24,"column":46}},"11":{"start":{"line":31,"column":2},"end":{"line":44,"column":3}},"12":{"start":{"line":32,"column":4},"end":{"line":38,"column":5}},"13":{"start":{"line":33,"column":6},"end":{"line":33,"column":41}},"14":{"start":{"line":34,"column":6},"end":{"line":34,"column":46}},"15":{"start":{"line":36,"column":6},"end":{"line":36,"column":44}},"16":{"start":{"line":37,"column":6},"end":{"line":37,"column":43}},"17":{"start":{"line":41,"column":30},"end":{"line":41,"column":60}},"18":{"start":{"line":42,"column":4},"end":{"line":42,"column":79}},"19":{"start":{"line":43,"column":4},"end":{"line":43,"column":81}},"20":{"start":{"line":47,"column":24},"end":{"line":47,"column":70}},"21":{"start":{"line":50,"column":17},"end":{"line":50,"column":21}},"22":{"start":{"line":51,"column":21},"end":{"line":51,"column":22}},"23":{"start":{"line":53,"column":2},"end":{"line":58,"column":3}},"24":{"start":{"line":54,"column":4},"end":{"line":57,"column":5}},"25":{"start":{"line":55,"column":6},"end":{"line":55,"column":21}},"26":{"start":{"line":56,"column":6},"end":{"line":56,"column":36}},"27":{"start":{"line":61,"column":27},"end":{"line":61,"column":64}},"28":{"start":{"line":63,"column":2},"end":{"line":65,"column":3}},"29":{"start":{"line":64,"column":4},"end":{"line":64,"column":20}},"30":{"start":{"line":67,"column":2},"end":{"line":67,"column":14}},"31":{"start":{"line":74,"column":17},"end":{"line":74,"column":38}},"32":{"start":{"line":75,"column":21},"end":{"line":75,"column":52}},"33":{"start":{"line":76,"column":23},"end":{"line":76,"column":25}},"34":{"start":{"line":79,"column":2},"end":{"line":87,"column":3}},"35":{"start":{"line":80,"column":4},"end":{"line":80,"column":35}},"36":{"start":{"line":80,"column":26},"end":{"line":80,"column":35}},"37":{"start":{"line":82,"column":19},"end":{"line":82,"column":47}},"38":{"start":{"line":83,"column":25},"end":{"line":83,"column":61}},"39":{"start":{"line":86,"column":4},"end":{"line":86,"column":58}},"40":{"start":{"line":90,"column":17},"end":{"line":90,"column":21}},"41":{"start":{"line":91,"column":18},"end":{"line":91,"column":20}},"42":{"start":{"line":93,"column":2},"end":{"line":99,"column":3}},"43":{"start":{"line":94,"column":4},"end":{"line":94,"column":57}},"44":{"start":{"line":94,"column":48},"end":{"line":94,"column":57}},"45":{"start":{"line":95,"column":4},"end":{"line":98,"column":5}},"46":{"start":{"line":96,"column":6},"end":{"line":96,"column":36}},"47":{"start":{"line":97,"column":6},"end":{"line":97,"column":21}},"48":{"start":{"line":102,"column":23},"end":{"line":102,"column":50}},"49":{"start":{"line":103,"column":2},"end":{"line":105,"column":3}},"50":{"start":{"line":104,"column":4},"end":{"line":104,"column":20}},"51":{"start":{"line":107,"column":2},"end":{"line":107,"column":14}},"52":{"start":{"line":114,"column":16},"end":{"line":114,"column":31}},"53":{"start":{"line":115,"column":21},"end":{"line":115,"column":52}},"54":{"start":{"line":116,"column":14},"end":{"line":116,"column":15}},"55":{"start":{"line":118,"column":2},"end":{"line":127,"column":3}},"56":{"start":{"line":119,"column":20},"end":{"line":119,"column":45}},"57":{"start":{"line":122,"column":4},"end":{"line":126,"column":5}},"58":{"start":{"line":125,"column":6},"end":{"line":125,"column":14}},"59":{"start":{"line":129,"column":2},"end":{"line":129,"column":15}},"60":{"start":{"line":136,"column":2},"end":{"line":138,"column":4}},"61":{"start":{"line":137,"column":4},"end":{"line":137,"column":74}},"62":{"start":{"line":137,"column":31},"end":{"line":137,"column":73}},"63":{"start":{"line":145,"column":2},"end":{"line":150,"column":3}},"64":{"start":{"line":146,"column":15},"end":{"line":146,"column":49}},"65":{"start":{"line":147,"column":17},"end":{"line":147,"column":51}},"66":{"start":{"line":148,"column":17},"end":{"line":148,"column":51}},"67":{"start":{"line":149,"column":18},"end":{"line":149,"column":52}},"68":{"start":{"line":157,"column":2},"end":{"line":157,"column":38}},"69":{"start":{"line":157,"column":23},"end":{"line":157,"column":38}},"70":{"start":{"line":158,"column":2},"end":{"line":158,"column":37}},"71":{"start":{"line":158,"column":23},"end":{"line":158,"column":37}},"72":{"start":{"line":159,"column":2},"end":{"line":159,"column":35}},"73":{"start":{"line":159,"column":23},"end":{"line":159,"column":35}},"74":{"start":{"line":160,"column":2},"end":{"line":160,"column":37}},"75":{"start":{"line":160,"column":23},"end":{"line":160,"column":37}},"76":{"start":{"line":161,"column":2},"end":{"line":161,"column":14}}},"fnMap":{"0":{"name":"zigZagMovement","decl":{"start":{"line":9,"column":16},"end":{"line":9,"column":30}},"loc":{"start":{"line":9,"column":65},"end":{"line":68,"column":1}},"line":9},"1":{"name":"findBestEscapeMove","decl":{"start":{"line":73,"column":9},"end":{"line":73,"column":27}},"loc":{"start":{"line":73,"column":62},"end":{"line":108,"column":1}},"line":73},"2":{"name":"countEscapeRoutes","decl":{"start":{"line":113,"column":9},"end":{"line":113,"column":26}},"loc":{"start":{"line":113,"column":43},"end":{"line":130,"column":1}},"line":113},"3":{"name":"isOccupied","decl":{"start":{"line":135,"column":9},"end":{"line":135,"column":19}},"loc":{"start":{"line":135,"column":36},"end":{"line":139,"column":1}},"line":135},"4":{"name":"(anonymous_4)","decl":{"start":{"line":136,"column":37},"end":{"line":136,"column":38}},"loc":{"start":{"line":137,"column":4},"end":{"line":137,"column":74}},"line":137},"5":{"name":"(anonymous_5)","decl":{"start":{"line":137,"column":20},"end":{"line":137,"column":21}},"loc":{"start":{"line":137,"column":31},"end":{"line":137,"column":73}},"line":137},"6":{"name":"getNextPosition","decl":{"start":{"line":144,"column":9},"end":{"line":144,"column":24}},"loc":{"start":{"line":144,"column":41},"end":{"line":151,"column":1}},"line":144},"7":{"name":"getDirection","decl":{"start":{"line":156,"column":9},"end":{"line":156,"column":21}},"loc":{"start":{"line":156,"column":34},"end":{"line":162,"column":1}},"line":156}},"branchMap":{"0":{"loc":{"start":{"line":16,"column":2},"end":{"line":19,"column":3}},"type":"if","locations":[{"start":{"line":16,"column":2},"end":{"line":19,"column":3}},{"start":{},"end":{}}],"line":16},"1":{"loc":{"start":{"line":22,"column":2},"end":{"line":25,"column":3}},"type":"if","locations":[{"start":{"line":22,"column":2},"end":{"line":25,"column":3}},{"start":{},"end":{}}],"line":22},"2":{"loc":{"start":{"line":24,"column":4},"end":{"line":24,"column":46}},"type":"if","locations":[{"start":{"line":24,"column":4},"end":{"line":24,"column":46}},{"start":{},"end":{}}],"line":24},"3":{"loc":{"start":{"line":31,"column":2},"end":{"line":44,"column":3}},"type":"if","locations":[{"start":{"line":31,"column":2},"end":{"line":44,"column":3}},{"start":{"line":39,"column":9},"end":{"line":44,"column":3}}],"line":31},"4":{"loc":{"start":{"line":32,"column":4},"end":{"line":38,"column":5}},"type":"if","locations":[{"start":{"line":32,"column":4},"end":{"line":38,"column":5}},{"start":{"line":35,"column":11},"end":{"line":38,"column":5}}],"line":32},"5":{"loc":{"start":{"line":32,"column":8},"end":{"line":32,"column":61}},"type":"binary-expr","locations":[{"start":{"line":32,"column":8},"end":{"line":32,"column":32}},{"start":{"line":32,"column":36},"end":{"line":32,"column":61}}],"line":32},"6":{"loc":{"start":{"line":42,"column":24},"end":{"line":42,"column":78}},"type":"cond-expr","locations":[{"start":{"line":42,"column":44},"end":{"line":42,"column":61}},{"start":{"line":42,"column":64},"end":{"line":42,"column":78}}],"line":42},"7":{"loc":{"start":{"line":43,"column":26},"end":{"line":43,"column":80}},"type":"cond-expr","locations":[{"start":{"line":43,"column":46},"end":{"line":43,"column":60}},{"start":{"line":43,"column":63},"end":{"line":43,"column":80}}],"line":43},"8":{"loc":{"start":{"line":54,"column":4},"end":{"line":57,"column":5}},"type":"if","locations":[{"start":{"line":54,"column":4},"end":{"line":57,"column":5}},{"start":{},"end":{}}],"line":54},"9":{"loc":{"start":{"line":54,"column":8},"end":{"line":54,"column":56}},"type":"binary-expr","locations":[{"start":{"line":54,"column":8},"end":{"line":54,"column":23}},{"start":{"line":54,"column":27},"end":{"line":54,"column":56}}],"line":54},"10":{"loc":{"start":{"line":63,"column":2},"end":{"line":65,"column":3}},"type":"if","locations":[{"start":{"line":63,"column":2},"end":{"line":65,"column":3}},{"start":{},"end":{}}],"line":63},"11":{"loc":{"start":{"line":63,"column":6},"end":{"line":63,"column":49}},"type":"binary-expr","locations":[{"start":{"line":63,"column":6},"end":{"line":63,"column":14}},{"start":{"line":63,"column":18},"end":{"line":63,"column":49}}],"line":63},"12":{"loc":{"start":{"line":80,"column":4},"end":{"line":80,"column":35}},"type":"if","locations":[{"start":{"line":80,"column":4},"end":{"line":80,"column":35}},{"start":{},"end":{}}],"line":80},"13":{"loc":{"start":{"line":94,"column":4},"end":{"line":94,"column":57}},"type":"if","locations":[{"start":{"line":94,"column":4},"end":{"line":94,"column":57}},{"start":{},"end":{}}],"line":94},"14":{"loc":{"start":{"line":94,"column":8},"end":{"line":94,"column":46}},"type":"binary-expr","locations":[{"start":{"line":94,"column":8},"end":{"line":94,"column":24}},{"start":{"line":94,"column":28},"end":{"line":94,"column":46}}],"line":94},"15":{"loc":{"start":{"line":95,"column":4},"end":{"line":98,"column":5}},"type":"if","locations":[{"start":{"line":95,"column":4},"end":{"line":98,"column":5}},{"start":{},"end":{}}],"line":95},"16":{"loc":{"start":{"line":103,"column":2},"end":{"line":105,"column":3}},"type":"if","locations":[{"start":{"line":103,"column":2},"end":{"line":105,"column":3}},{"start":{},"end":{}}],"line":103},"17":{"loc":{"start":{"line":103,"column":6},"end":{"line":103,"column":90}},"type":"binary-expr","locations":[{"start":{"line":103,"column":6},"end":{"line":103,"column":29}},{"start":{"line":103,"column":33},"end":{"line":103,"column":90}}],"line":103},"18":{"loc":{"start":{"line":122,"column":4},"end":{"line":126,"column":5}},"type":"if","locations":[{"start":{"line":122,"column":4},"end":{"line":126,"column":5}},{"start":{},"end":{}}],"line":122},"19":{"loc":{"start":{"line":122,"column":8},"end":{"line":124,"column":39}},"type":"binary-expr","locations":[{"start":{"line":122,"column":8},"end":{"line":122,"column":22}},{"start":{"line":122,"column":26},"end":{"line":122,"column":49}},{"start":{"line":123,"column":8},"end":{"line":123,"column":22}},{"start":{"line":123,"column":26},"end":{"line":123,"column":50}},{"start":{"line":124,"column":8},"end":{"line":124,"column":39}}],"line":122},"20":{"loc":{"start":{"line":137,"column":31},"end":{"line":137,"column":73}},"type":"binary-expr","locations":[{"start":{"line":137,"column":31},"end":{"line":137,"column":50}},{"start":{"line":137,"column":54},"end":{"line":137,"column":73}}],"line":137},"21":{"loc":{"start":{"line":145,"column":2},"end":{"line":150,"column":3}},"type":"switch","locations":[{"start":{"line":146,"column":4},"end":{"line":146,"column":49}},{"start":{"line":147,"column":4},"end":{"line":147,"column":51}},{"start":{"line":148,"column":4},"end":{"line":148,"column":51}},{"start":{"line":149,"column":4},"end":{"line":149,"column":52}}],"line":145},"22":{"loc":{"start":{"line":157,"column":2},"end":{"line":157,"column":38}},"type":"if","locations":[{"start":{"line":157,"column":2},"end":{"line":157,"column":38}},{"start":{},"end":{}}],"line":157},"23":{"loc":{"start":{"line":158,"column":2},"end":{"line":158,"column":37}},"type":"if","locations":[{"start":{"line":158,"column":2},"end":{"line":158,"column":37}},{"start":{},"end":{}}],"line":158},"24":{"loc":{"start":{"line":159,"column":2},"end":{"line":159,"column":35}},"type":"if","locations":[{"start":{"line":159,"column":2},"end":{"line":159,"column":35}},{"start":{},"end":{}}],"line":159},"25":{"loc":{"start":{"line":160,"column":2},"end":{"line":160,"column":37}},"type":"if","locations":[{"start":{"line":160,"column":2},"end":{"line":160,"column":37}},{"start":{},"end":{}}],"line":160}},"s":{"0":6,"1":6,"2":6,"3":6,"4":6,"5":5,"6":5,"7":6,"8":1,"9":1,"10":1,"11":5,"12":4,"13":3,"14":3,"15":1,"16":1,"17":1,"18":1,"19":1,"20":5,"21":5,"22":5,"23":5,"24":20,"25":6,"26":6,"27":5,"28":5,"29":4,"30":1,"31":1,"32":1,"33":1,"34":1,"35":4,"36":1,"37":3,"38":3,"39":3,"40":1,"41":1,"42":1,"43":4,"44":1,"45":3,"46":2,"47":2,"48":1,"49":1,"50":1,"51":0,"52":3,"53":3,"54":3,"55":3,"56":12,"57":12,"58":9,"59":3,"60":12,"61":12,"62":84,"63":15,"64":4,"65":4,"66":3,"67":4,"68":5,"69":4,"70":1,"71":0,"72":1,"73":1,"74":0,"75":0,"76":0},"f":{"0":6,"1":1,"2":3,"3":12,"4":12,"5":84,"6":15,"7":5},"b":{"0":[5,1],"1":[1,5],"2":[1,0],"3":[4,1],"4":[3,1],"5":[4,4],"6":[0,1],"7":[0,1],"8":[6,14],"9":[20,14],"10":[4,1],"11":[5,5],"12":[1,3],"13":[1,3],"14":[4,3],"15":[2,1],"16":[1,0],"17":[1,1],"18":[9,3],"19":[12,12,12,12,12],"20":[84,7],"21":[4,4,3,4],"22":[4,1],"23":[0,1],"24":[1,0],"25":[0,0]},"_coverageSchema":"1a1c01bbd47fc00a2c39e90264f33305004495a9","hash":"6cdf18e4b5b04ccd0fb2be744803deed5bd82e23"}
,"C:\\Website\\SDIP_Battlesnake\\utils\\floodFill.js": {"path":"C:\\Website\\SDIP_Battlesnake\\utils\\floodFill.js","statementMap":{"0":{"start":{"line":10,"column":2},"end":{"line":13,"column":3}},"1":{"start":{"line":12,"column":4},"end":{"line":12,"column":13}},"2":{"start":{"line":16,"column":2},"end":{"line":22,"column":3}},"3":{"start":{"line":17,"column":4},"end":{"line":21,"column":5}},"4":{"start":{"line":18,"column":6},"end":{"line":20,"column":7}},"5":{"start":{"line":19,"column":8},"end":{"line":19,"column":17}},"6":{"start":{"line":25,"column":18},"end":{"line":25,"column":27}},"7":{"start":{"line":26,"column":16},"end":{"line":26,"column":26}},"8":{"start":{"line":27,"column":14},"end":{"line":27,"column":15}},"9":{"start":{"line":30,"column":2},"end":{"line":30,"column":45}},"10":{"start":{"line":33,"column":2},"end":{"line":76,"column":3}},"11":{"start":{"line":34,"column":17},"end":{"line":34,"column":30}},"12":{"start":{"line":35,"column":4},"end":{"line":35,"column":12}},"13":{"start":{"line":38,"column":22},"end":{"line":43,"column":5}},"14":{"start":{"line":45,"column":4},"end":{"line":75,"column":5}},"15":{"start":{"line":46,"column":18},"end":{"line":46,"column":47}},"16":{"start":{"line":49,"column":6},"end":{"line":52,"column":7}},"17":{"start":{"line":51,"column":8},"end":{"line":51,"column":17}},"18":{"start":{"line":55,"column":6},"end":{"line":57,"column":7}},"19":{"start":{"line":56,"column":8},"end":{"line":56,"column":17}},"20":{"start":{"line":60,"column":21},"end":{"line":60,"column":26}},"21":{"start":{"line":61,"column":6},"end":{"line":69,"column":7}},"22":{"start":{"line":62,"column":8},"end":{"line":67,"column":9}},"23":{"start":{"line":63,"column":10},"end":{"line":66,"column":11}},"24":{"start":{"line":64,"column":12},"end":{"line":64,"column":28}},"25":{"start":{"line":65,"column":12},"end":{"line":65,"column":18}},"26":{"start":{"line":68,"column":8},"end":{"line":68,"column":28}},"27":{"start":{"line":68,"column":22},"end":{"line":68,"column":28}},"28":{"start":{"line":71,"column":6},"end":{"line":74,"column":7}},"29":{"start":{"line":72,"column":8},"end":{"line":72,"column":25}},"30":{"start":{"line":73,"column":8},"end":{"line":73,"column":29}},"31":{"start":{"line":78,"column":2},"end":{"line":78,"column":15}},"32":{"start":{"line":88,"column":2},"end":{"line":130,"column":3}},"33":{"start":{"line":89,"column":18},"end":{"line":89,"column":33}},"34":{"start":{"line":90,"column":19},"end":{"line":90,"column":40}},"35":{"start":{"line":93,"column":19},"end":{"line":98,"column":5}},"36":{"start":{"line":101,"column":22},"end":{"line":106,"column":5}},"37":{"start":{"line":109,"column":4},"end":{"line":118,"column":7}},"38":{"start":{"line":110,"column":18},"end":{"line":110,"column":38}},"39":{"start":{"line":113,"column":6},"end":{"line":117,"column":7}},"40":{"start":{"line":116,"column":8},"end":{"line":116,"column":50}},"41":{"start":{"line":120,"column":4},"end":{"line":120,"column":18}},"42":{"start":{"line":122,"column":4},"end":{"line":122,"column":58}},"43":{"start":{"line":124,"column":4},"end":{"line":129,"column":6}}},"fnMap":{"0":{"name":"floodFill","decl":{"start":{"line":8,"column":16},"end":{"line":8,"column":25}},"loc":{"start":{"line":8,"column":43},"end":{"line":79,"column":1}},"line":8},"1":{"name":"calculateOpenSpace","decl":{"start":{"line":87,"column":16},"end":{"line":87,"column":34}},"loc":{"start":{"line":87,"column":46},"end":{"line":131,"column":1}},"line":87},"2":{"name":"(anonymous_2)","decl":{"start":{"line":109,"column":35},"end":{"line":109,"column":36}},"loc":{"start":{"line":109,"column":48},"end":{"line":118,"column":5}},"line":109}},"branchMap":{"0":{"loc":{"start":{"line":10,"column":2},"end":{"line":13,"column":3}},"type":"if","locations":[{"start":{"line":10,"column":2},"end":{"line":13,"column":3}},{"start":{},"end":{}}],"line":10},"1":{"loc":{"start":{"line":10,"column":6},"end":{"line":11,"column":61}},"type":"binary-expr","locations":[{"start":{"line":10,"column":6},"end":{"line":10,"column":20}},{"start":{"line":10,"column":24},"end":{"line":10,"column":38}},{"start":{"line":11,"column":6},"end":{"line":11,"column":31}},{"start":{"line":11,"column":35},"end":{"line":11,"column":61}}],"line":10},"2":{"loc":{"start":{"line":18,"column":6},"end":{"line":20,"column":7}},"type":"if","locations":[{"start":{"line":18,"column":6},"end":{"line":20,"column":7}},{"start":{},"end":{}}],"line":18},"3":{"loc":{"start":{"line":18,"column":10},"end":{"line":18,"column":62}},"type":"binary-expr","locations":[{"start":{"line":18,"column":10},"end":{"line":18,"column":34}},{"start":{"line":18,"column":38},"end":{"line":18,"column":62}}],"line":18},"4":{"loc":{"start":{"line":49,"column":6},"end":{"line":52,"column":7}},"type":"if","locations":[{"start":{"line":49,"column":6},"end":{"line":52,"column":7}},{"start":{},"end":{}}],"line":49},"5":{"loc":{"start":{"line":49,"column":10},"end":{"line":50,"column":65}},"type":"binary-expr","locations":[{"start":{"line":49,"column":10},"end":{"line":49,"column":24}},{"start":{"line":49,"column":28},"end":{"line":49,"column":42}},{"start":{"line":50,"column":10},"end":{"line":50,"column":35}},{"start":{"line":50,"column":39},"end":{"line":50,"column":65}}],"line":49},"6":{"loc":{"start":{"line":55,"column":6},"end":{"line":57,"column":7}},"type":"if","locations":[{"start":{"line":55,"column":6},"end":{"line":57,"column":7}},{"start":{},"end":{}}],"line":55},"7":{"loc":{"start":{"line":63,"column":10},"end":{"line":66,"column":11}},"type":"if","locations":[{"start":{"line":63,"column":10},"end":{"line":66,"column":11}},{"start":{},"end":{}}],"line":63},"8":{"loc":{"start":{"line":63,"column":14},"end":{"line":63,"column":66}},"type":"binary-expr","locations":[{"start":{"line":63,"column":14},"end":{"line":63,"column":38}},{"start":{"line":63,"column":42},"end":{"line":63,"column":66}}],"line":63},"9":{"loc":{"start":{"line":68,"column":8},"end":{"line":68,"column":28}},"type":"if","locations":[{"start":{"line":68,"column":8},"end":{"line":68,"column":28}},{"start":{},"end":{}}],"line":68},"10":{"loc":{"start":{"line":71,"column":6},"end":{"line":74,"column":7}},"type":"if","locations":[{"start":{"line":71,"column":6},"end":{"line":74,"column":7}},{"start":{},"end":{}}],"line":71},"11":{"loc":{"start":{"line":113,"column":6},"end":{"line":117,"column":7}},"type":"if","locations":[{"start":{"line":113,"column":6},"end":{"line":117,"column":7}},{"start":{},"end":{}}],"line":113},"12":{"loc":{"start":{"line":113,"column":10},"end":{"line":114,"column":44}},"type":"binary-expr","locations":[{"start":{"line":113,"column":10},"end":{"line":113,"column":20}},{"start":{"line":113,"column":24},"end":{"line":113,"column":43}},{"start":{"line":114,"column":10},"end":{"line":114,"column":20}},{"start":{"line":114,"column":24},"end":{"line":114,"column":44}}],"line":113}},"s":{"0":22,"1":0,"2":22,"3":31,"4":104,"5":5,"6":17,"7":17,"8":17,"9":17,"10":17,"11":1055,"12":1055,"13":1055,"14":1055,"15":4220,"16":4220,"17":517,"18":3703,"19":2466,"20":1237,"21":1237,"22":1593,"23":5363,"24":199,"25":199,"26":1593,"27":199,"28":1237,"29":1038,"30":1038,"31":17,"32":5,"33":5,"34":5,"35":5,"36":5,"37":5,"38":20,"39":20,"40":20,"41":5,"42":0,"43":0},"f":{"0":22,"1":5,"2":20},"b":{"0":[0,22],"1":[22,22,22,22],"2":[5,99],"3":[104,30],"4":[517,3703],"5":[4220,4087,3960,3836],"6":[2466,1237],"7":[199,5164],"8":[5363,763],"9":[199,1394],"10":[1038,199],"11":[20,0],"12":[20,20,20,20]},"_coverageSchema":"1a1c01bbd47fc00a2c39e90264f33305004495a9","hash":"fe92f998c75fb749635d6700810c5e34346780b8"}
,"C:\\Website\\SDIP_Battlesnake\\utils\\visualization.js": {"path":"C:\\Website\\SDIP_Battlesnake\\utils\\visualization.js","statementMap":{"0":{"start":{"line":9,"column":2},"end":{"line":9,"column":49}}},"fnMap":{"0":{"name":"printBoard","decl":{"start":{"line":7,"column":16},"end":{"line":7,"column":26}},"loc":{"start":{"line":7,"column":38},"end":{"line":10,"column":1}},"line":7}},"branchMap":{},"s":{"0":1},"f":{"0":1},"b":{},"_coverageSchema":"1a1c01bbd47fc00a2c39e90264f33305004495a9","hash":"6210a2fa6664cc40756f120a28bca1c3e46b77b7"}
}
