{"C:\\Users\\leiva\\Desktop\\Battlesnake\\SDIP_Battlesnake\\server.js": {"path":"C:\\Users\\leiva\\Desktop\\Battlesnake\\SDIP_Battlesnake\\server.js","statementMap":{"0":{"start":{"line":5,"column":2},"end":{"line":11,"column":4}},"1":{"start":{"line":15,"column":17},"end":{"line":15,"column":38}},"2":{"start":{"line":16,"column":15},"end":{"line":16,"column":35}},"3":{"start":{"line":19,"column":2},"end":{"line":21,"column":3}},"4":{"start":{"line":20,"column":4},"end":{"line":20,"column":28}},"5":{"start":{"line":24,"column":22},"end":{"line":30,"column":4}},"6":{"start":{"line":26,"column":6},"end":{"line":26,"column":69}},"7":{"start":{"line":28,"column":6},"end":{"line":28,"column":69}},"8":{"start":{"line":29,"column":4},"end":{"line":29,"column":65}},"9":{"start":{"line":33,"column":2},"end":{"line":41,"column":3}},"10":{"start":{"line":34,"column":4},"end":{"line":34,"column":28}},"11":{"start":{"line":35,"column":9},"end":{"line":41,"column":3}},"12":{"start":{"line":36,"column":4},"end":{"line":36,"column":29}},"13":{"start":{"line":37,"column":9},"end":{"line":41,"column":3}},"14":{"start":{"line":38,"column":4},"end":{"line":38,"column":28}},"15":{"start":{"line":39,"column":9},"end":{"line":41,"column":3}},"16":{"start":{"line":40,"column":4},"end":{"line":40,"column":26}},"17":{"start":{"line":44,"column":2},"end":{"line":44,"column":26}},"18":{"start":{"line":48,"column":14},"end":{"line":48,"column":23}},"19":{"start":{"line":49,"column":2},"end":{"line":49,"column":26}},"20":{"start":{"line":51,"column":2},"end":{"line":53,"column":5}},"21":{"start":{"line":52,"column":4},"end":{"line":52,"column":30}},"22":{"start":{"line":55,"column":2},"end":{"line":58,"column":5}},"23":{"start":{"line":56,"column":4},"end":{"line":56,"column":29}},"24":{"start":{"line":57,"column":4},"end":{"line":57,"column":19}},"25":{"start":{"line":60,"column":2},"end":{"line":62,"column":5}},"26":{"start":{"line":61,"column":4},"end":{"line":61,"column":38}},"27":{"start":{"line":64,"column":2},"end":{"line":67,"column":5}},"28":{"start":{"line":65,"column":4},"end":{"line":65,"column":27}},"29":{"start":{"line":66,"column":4},"end":{"line":66,"column":19}},"30":{"start":{"line":69,"column":2},"end":{"line":72,"column":5}},"31":{"start":{"line":70,"column":4},"end":{"line":70,"column":69}},"32":{"start":{"line":71,"column":4},"end":{"line":71,"column":11}},"33":{"start":{"line":74,"column":15},"end":{"line":74,"column":24}},"34":{"start":{"line":75,"column":15},"end":{"line":75,"column":39}},"35":{"start":{"line":77,"column":2},"end":{"line":79,"column":5}},"36":{"start":{"line":78,"column":4},"end":{"line":78,"column":68}}},"fnMap":{"0":{"name":"info","decl":{"start":{"line":4,"column":16},"end":{"line":4,"column":20}},"loc":{"start":{"line":4,"column":23},"end":{"line":12,"column":1}},"line":4},"1":{"name":"move","decl":{"start":{"line":14,"column":16},"end":{"line":14,"column":20}},"loc":{"start":{"line":14,"column":32},"end":{"line":45,"column":1}},"line":14},"2":{"name":"(anonymous_2)","decl":{"start":{"line":24,"column":34},"end":{"line":24,"column":35}},"loc":{"start":{"line":24,"column":56},"end":{"line":30,"column":3}},"line":24},"3":{"name":"runServer","decl":{"start":{"line":47,"column":24},"end":{"line":47,"column":33}},"loc":{"start":{"line":47,"column":44},"end":{"line":80,"column":1}},"line":47},"4":{"name":"(anonymous_4)","decl":{"start":{"line":51,"column":15},"end":{"line":51,"column":16}},"loc":{"start":{"line":51,"column":29},"end":{"line":53,"column":3}},"line":51},"5":{"name":"(anonymous_5)","decl":{"start":{"line":55,"column":21},"end":{"line":55,"column":22}},"loc":{"start":{"line":55,"column":35},"end":{"line":58,"column":3}},"line":55},"6":{"name":"(anonymous_6)","decl":{"start":{"line":60,"column":20},"end":{"line":60,"column":21}},"loc":{"start":{"line":60,"column":34},"end":{"line":62,"column":3}},"line":60},"7":{"name":"(anonymous_7)","decl":{"start":{"line":64,"column":19},"end":{"line":64,"column":20}},"loc":{"start":{"line":64,"column":33},"end":{"line":67,"column":3}},"line":64},"8":{"name":"(anonymous_8)","decl":{"start":{"line":69,"column":10},"end":{"line":69,"column":11}},"loc":{"start":{"line":69,"column":36},"end":{"line":72,"column":3}},"line":69},"9":{"name":"(anonymous_9)","decl":{"start":{"line":77,"column":25},"end":{"line":77,"column":26}},"loc":{"start":{"line":77,"column":31},"end":{"line":79,"column":3}},"line":77}},"branchMap":{"0":{"loc":{"start":{"line":19,"column":2},"end":{"line":21,"column":3}},"type":"if","locations":[{"start":{"line":19,"column":2},"end":{"line":21,"column":3}},{"start":{},"end":{}}],"line":19},"1":{"loc":{"start":{"line":29,"column":11},"end":{"line":29,"column":64}},"type":"cond-expr","locations":[{"start":{"line":29,"column":47},"end":{"line":29,"column":54}},{"start":{"line":29,"column":57},"end":{"line":29,"column":64}}],"line":29},"2":{"loc":{"start":{"line":33,"column":2},"end":{"line":41,"column":3}},"type":"if","locations":[{"start":{"line":33,"column":2},"end":{"line":41,"column":3}},{"start":{"line":35,"column":9},"end":{"line":41,"column":3}}],"line":33},"3":{"loc":{"start":{"line":35,"column":9},"end":{"line":41,"column":3}},"type":"if","locations":[{"start":{"line":35,"column":9},"end":{"line":41,"column":3}},{"start":{"line":37,"column":9},"end":{"line":41,"column":3}}],"line":35},"4":{"loc":{"start":{"line":37,"column":9},"end":{"line":41,"column":3}},"type":"if","locations":[{"start":{"line":37,"column":9},"end":{"line":41,"column":3}},{"start":{"line":39,"column":9},"end":{"line":41,"column":3}}],"line":37},"5":{"loc":{"start":{"line":39,"column":9},"end":{"line":41,"column":3}},"type":"if","locations":[{"start":{"line":39,"column":9},"end":{"line":41,"column":3}},{"start":{},"end":{}}],"line":39},"6":{"loc":{"start":{"line":75,"column":15},"end":{"line":75,"column":39}},"type":"binary-expr","locations":[{"start":{"line":75,"column":15},"end":{"line":75,"column":31}},{"start":{"line":75,"column":35},"end":{"line":75,"column":39}}],"line":75}},"s":{"0":1,"1":2,"2":2,"3":2,"4":1,"5":1,"6":0,"7":0,"8":0,"9":1,"10":0,"11":1,"12":1,"13":0,"14":0,"15":0,"16":0,"17":0,"18":1,"19":1,"20":1,"21":0,"22":1,"23":0,"24":0,"25":1,"26":0,"27":1,"28":0,"29":0,"30":1,"31":0,"32":0,"33":1,"34":1,"35":1,"36":0},"f":{"0":1,"1":2,"2":0,"3":1,"4":0,"5":0,"6":0,"7":0,"8":0,"9":0},"b":{"0":[1,1],"1":[0,0],"2":[0,1],"3":[1,0],"4":[0,0],"5":[0,0],"6":[1,1]},"_coverageSchema":"1a1c01bbd47fc00a2c39e90264f33305004495a9","hash":"e9d85fb8df32b01b4891e81c00360dfff73c544a"}
}
