TN:
SF:server.js
FN:4,info
FN:14,move
FN:24,(anonymous_2)
FN:47,runServer
FN:51,(anonymous_4)
FN:55,(anonymous_5)
FN:60,(anonymous_6)
FN:64,(anonymous_7)
FN:69,(anonymous_8)
FN:74,(anonymous_9)
FNF:10
FNH:5
FNDA:1,info
FNDA:2,move
FNDA:0,(anonymous_2)
FNDA:3,runServer
FNDA:1,(anonymous_4)
FNDA:0,(anonymous_5)
FNDA:0,(anonymous_6)
FNDA:0,(anonymous_7)
FNDA:0,(anonymous_8)
FNDA:1,(anonymous_9)
DA:5,1
DA:15,2
DA:16,2
DA:19,2
DA:20,1
DA:24,1
DA:26,0
DA:28,0
DA:29,0
DA:33,1
DA:34,0
DA:35,1
DA:36,1
DA:37,0
DA:38,0
DA:39,0
DA:40,0
DA:44,0
DA:48,3
DA:49,3
DA:51,3
DA:52,1
DA:55,3
DA:56,0
DA:57,0
DA:60,3
DA:61,0
DA:64,3
DA:65,0
DA:66,0
DA:69,3
DA:70,0
DA:71,0
DA:74,3
DA:75,1
DA:78,3
LF:36
LH:20
BRDA:19,0,0,1
BRDA:19,0,1,1
BRDA:29,1,0,0
BRDA:29,1,1,0
BRDA:33,2,0,0
BRDA:33,2,1,1
BRDA:35,3,0,1
BRDA:35,3,1,0
BRDA:37,4,0,0
BRDA:37,4,1,0
BRDA:39,5,0,0
BRDA:39,5,1,0
BRDA:47,6,0,0
BRDA:47,7,0,3
BRF:14
BRH:5
end_of_record
TN:
SF:logic\food.js
FN:9,seekFood
FN:30,(anonymous_1)
FN:81,(anonymous_2)
FN:107,calculateCompetitiveAdvantage
FN:115,(anonymous_4)
FNF:5
FNH:5
FNDA:22,seekFood
FNDA:23,(anonymous_1)
FNDA:3,(anonymous_2)
FNDA:20,calculateCompetitiveAdvantage
FNDA:26,(anonymous_4)
DA:10,22
DA:11,22
DA:12,22
DA:13,22
DA:16,22
DA:17,2
DA:21,20
DA:25,20
DA:28,20
DA:30,20
DA:32,23
DA:35,23
DA:36,2
DA:40,21
DA:41,21
DA:42,20
DA:43,5
DA:44,5
DA:47,21
DA:49,20
DA:52,20
DA:55,20
DA:58,20
DA:60,2
DA:64,20
DA:67,20
DA:68,2
DA:71,20
DA:81,20
DA:84,20
DA:85,17
DA:88,17
DA:89,17
DA:90,15
DA:91,15
DA:93,2
DA:97,5
DA:108,20
DA:109,20
DA:112,20
DA:115,20
DA:116,26
DA:118,6
DA:119,6
DA:123,6
DA:125,6
DA:127,4
DA:129,4
DA:131,2
DA:133,0
DA:137,2
DA:141,20
LF:52
LH:51
BRDA:16,0,0,2
BRDA:16,0,1,20
BRDA:35,1,0,2
BRDA:35,1,1,21
BRDA:35,2,0,23
BRDA:35,2,1,3
BRDA:41,3,0,1
BRDA:41,3,1,20
BRDA:41,4,0,21
BRDA:41,4,1,1
BRDA:42,5,0,15
BRDA:42,5,1,5
BRDA:42,6,0,20
BRDA:42,6,1,16
BRDA:43,7,0,0
BRDA:43,7,1,5
BRDA:43,8,0,5
BRDA:43,8,1,0
BRDA:44,9,0,4
BRDA:44,9,1,1
BRDA:44,10,0,5
BRDA:44,10,1,4
BRDA:47,11,0,20
BRDA:47,11,1,1
BRDA:58,12,0,2
BRDA:58,12,1,18
BRDA:67,13,0,2
BRDA:67,13,1,18
BRDA:84,14,0,17
BRDA:84,14,1,3
BRDA:89,15,0,15
BRDA:89,15,1,2
BRDA:89,16,0,17
BRDA:89,16,1,2
BRDA:116,17,0,20
BRDA:116,17,1,6
BRDA:125,18,0,4
BRDA:125,18,1,2
BRDA:129,19,0,0
BRDA:129,19,1,4
BRDA:131,20,0,0
BRDA:131,20,1,2
BRDA:133,21,0,0
BRDA:133,21,1,0
BRF:44
BRH:38
end_of_record
TN:
SF:logic\hunting.js
FN:4,huntSmallerSnake
FN:12,(anonymous_1)
FN:16,(anonymous_2)
FN:28,(anonymous_3)
FN:29,(anonymous_4)
FN:47,(anonymous_5)
FN:66,setupAmbush
FN:86,(anonymous_7)
FN:100,(anonymous_8)
FN:106,pursueSnake
FN:137,(anonymous_10)
FN:153,findHeadToHead
FN:172,findNearestFood
FN:173,(anonymous_13)
FN:183,getNextPosition
FN:192,getDirection
FNF:16
FNH:14
FNDA:10,huntSmallerSnake
FNDA:17,(anonymous_1)
FNDA:8,(anonymous_2)
FNDA:8,(anonymous_3)
FNDA:0,(anonymous_4)
FNDA:1,(anonymous_5)
FNDA:4,setupAmbush
FNDA:4,(anonymous_7)
FNDA:1,(anonymous_8)
FNDA:6,pursueSnake
FNDA:20,(anonymous_10)
FNDA:0,findHeadToHead
FNDA:7,findNearestFood
FNDA:7,(anonymous_13)
FNDA:9,getNextPosition
FNDA:3,getDirection
DA:5,10
DA:6,10
DA:7,10
DA:10,10
DA:12,17
DA:13,9
DA:16,8
DA:17,8
DA:18,8
DA:19,8
DA:20,8
DA:22,8
DA:28,8
DA:29,0
DA:32,8
DA:33,7
DA:36,7
DA:37,4
DA:38,4
DA:42,6
DA:46,1
DA:47,1
DA:51,1
DA:52,0
DA:53,0
DA:54,0
DA:55,0
DA:60,1
DA:67,4
DA:68,4
DA:71,4
DA:72,4
DA:74,3
DA:76,3
DA:80,3
DA:81,2
DA:85,1
DA:86,1
DA:87,4
DA:89,4
DA:90,4
DA:93,4
DA:94,2
DA:99,1
DA:100,1
DA:107,6
DA:110,6
DA:111,6
DA:112,3
DA:113,3
DA:115,2
DA:116,2
DA:117,2
DA:120,2
DA:122,3
DA:124,3
DA:125,3
DA:129,6
DA:130,6
DA:132,6
DA:137,20
DA:140,6
DA:141,6
DA:142,9
DA:143,5
DA:147,1
DA:154,0
DA:155,0
DA:156,0
DA:159,0
DA:160,0
DA:161,0
DA:162,0
DA:163,0
DA:166,0
DA:173,7
DA:174,7
DA:175,7
DA:176,1
DA:184,9
DA:185,1
DA:186,3
DA:187,2
DA:188,3
DA:193,3
DA:194,3
DA:195,2
DA:196,2
DA:197,0
LF:89
LH:74
BRDA:10,0,0,1
BRDA:10,0,1,9
BRDA:13,1,0,1
BRDA:13,1,1,8
BRDA:28,2,0,8
BRDA:28,2,1,5
BRDA:28,2,2,7
BRDA:32,3,0,7
BRDA:32,3,1,1
BRDA:36,4,0,4
BRDA:36,4,1,3
BRDA:38,5,0,1
BRDA:38,5,1,3
BRDA:47,6,0,1
BRDA:47,6,1,0
BRDA:51,7,0,0
BRDA:51,7,1,1
BRDA:53,8,0,0
BRDA:53,8,1,0
BRDA:55,9,0,0
BRDA:55,9,1,0
BRDA:72,10,0,1
BRDA:72,10,1,3
BRDA:80,11,0,2
BRDA:80,11,1,1
BRDA:80,12,0,3
BRDA:80,12,1,3
BRDA:80,12,2,3
BRDA:87,13,0,0
BRDA:87,13,1,4
BRDA:93,14,0,2
BRDA:93,14,1,2
BRDA:99,15,0,1
BRDA:99,15,1,0
BRDA:111,16,0,3
BRDA:111,16,1,3
BRDA:113,17,0,2
BRDA:113,17,1,1
BRDA:117,18,0,2
BRDA:117,18,1,0
BRDA:118,19,0,2
BRDA:118,19,1,0
BRDA:119,20,0,0
BRDA:119,20,1,0
BRDA:122,21,0,3
BRDA:122,21,1,0
BRDA:125,22,0,3
BRDA:125,22,1,0
BRDA:133,23,0,6
BRDA:133,23,1,0
BRDA:134,24,0,0
BRDA:134,24,1,6
BRDA:135,25,0,0
BRDA:135,25,1,6
BRDA:136,26,0,1
BRDA:136,26,1,5
BRDA:140,27,0,6
BRDA:140,27,1,0
BRDA:142,28,0,5
BRDA:142,28,1,4
BRDA:142,29,0,9
BRDA:142,29,1,5
BRDA:159,30,0,0
BRDA:159,30,1,0
BRDA:159,31,0,0
BRDA:159,31,1,0
BRDA:159,31,2,0
BRDA:160,32,0,0
BRDA:160,32,1,0
BRDA:160,33,0,0
BRDA:160,33,1,0
BRDA:160,33,2,0
BRDA:161,34,0,0
BRDA:161,34,1,0
BRDA:161,35,0,0
BRDA:161,35,1,0
BRDA:161,35,2,0
BRDA:162,36,0,0
BRDA:162,36,1,0
BRDA:162,37,0,0
BRDA:162,37,1,0
BRDA:162,37,2,0
BRDA:163,38,0,0
BRDA:163,38,1,0
BRDA:163,39,0,0
BRDA:163,39,1,0
BRDA:163,39,2,0
BRDA:173,40,0,7
BRDA:173,40,1,2
BRDA:175,41,0,6
BRDA:175,41,1,1
BRDA:175,42,0,7
BRDA:175,42,1,2
BRDA:184,43,0,1
BRDA:184,43,1,3
BRDA:184,43,2,2
BRDA:184,43,3,3
BRDA:193,44,0,0
BRDA:193,44,1,3
BRDA:194,45,0,1
BRDA:194,45,1,2
BRDA:195,46,0,0
BRDA:195,46,1,2
BRDA:196,47,0,2
BRDA:196,47,1,0
BRF:105
BRH:59
end_of_record
TN:
SF:logic\movement.js
FN:20,move
FN:30,(anonymous_1)
FN:82,(anonymous_2)
FN:95,(anonymous_3)
FN:105,(anonymous_4)
FNF:5
FNH:2
FNDA:1,move
FNDA:4,(anonymous_1)
FNDA:0,(anonymous_2)
FNDA:0,(anonymous_3)
FNDA:0,(anonymous_4)
DA:9,1
DA:14,1
DA:15,1
DA:21,1
DA:22,1
DA:23,1
DA:26,1
DA:27,1
DA:30,1
DA:31,4
DA:35,1
DA:38,1
DA:39,1
DA:42,1
DA:43,0
DA:47,1
DA:48,0
DA:52,1
DA:53,1
DA:57,1
DA:58,1
DA:59,1
DA:60,1
DA:61,1
DA:62,1
DA:63,1
DA:64,1
DA:70,1
DA:71,0
DA:72,0
DA:73,0
DA:76,0
DA:77,0
DA:78,0
DA:79,0
DA:81,0
DA:82,0
DA:83,0
DA:88,1
DA:89,0
DA:93,1
DA:94,0
DA:95,0
DA:96,0
DA:97,0
DA:98,0
DA:104,1
DA:105,0
DA:106,0
DA:107,0
DA:109,0
DA:113,1
DA:114,1
DA:115,1
DA:118,0
DA:119,0
LF:56
LH:32
BRDA:27,0,0,1
BRDA:27,0,1,0
BRDA:31,1,0,0
BRDA:31,1,1,4
BRDA:35,2,0,0
BRDA:35,2,1,1
BRDA:42,3,0,0
BRDA:42,3,1,1
BRDA:47,4,0,0
BRDA:47,4,1,1
BRDA:47,5,0,1
BRDA:47,5,1,1
BRDA:52,6,0,1
BRDA:52,6,1,0
BRDA:52,7,0,1
BRDA:52,7,1,1
BRDA:52,7,2,1
BRDA:57,8,0,1
BRDA:57,8,1,0
BRDA:61,9,0,1
BRDA:61,9,1,0
BRDA:61,10,0,1
BRDA:61,10,1,1
BRDA:70,11,0,0
BRDA:70,11,1,1
BRDA:76,12,0,0
BRDA:76,12,1,0
BRDA:76,13,0,0
BRDA:76,13,1,0
BRDA:77,14,0,0
BRDA:77,14,1,0
BRDA:77,15,0,0
BRDA:77,15,1,0
BRDA:78,16,0,0
BRDA:78,16,1,0
BRDA:78,17,0,0
BRDA:78,17,1,0
BRDA:79,18,0,0
BRDA:79,18,1,0
BRDA:79,19,0,0
BRDA:79,19,1,0
BRDA:81,20,0,0
BRDA:81,20,1,0
BRDA:83,21,0,0
BRDA:83,21,1,0
BRDA:88,22,0,0
BRDA:88,22,1,1
BRDA:88,23,0,1
BRDA:88,23,1,0
BRDA:88,23,2,0
BRDA:88,23,3,0
BRDA:93,24,0,0
BRDA:93,24,1,1
BRDA:96,25,0,0
BRDA:96,25,1,0
BRDA:96,26,0,0
BRDA:96,26,1,0
BRDA:104,27,0,0
BRDA:104,27,1,1
BRDA:106,28,0,0
BRDA:106,28,1,0
BRF:61
BRH:20
end_of_record
TN:
SF:logic\safety.js
FN:6,getSafeMoves
FN:36,(anonymous_1)
FN:41,(anonymous_2)
FN:44,(anonymous_3)
FN:58,(anonymous_4)
FN:66,(anonymous_5)
FN:72,(anonymous_6)
FN:88,(anonymous_7)
FN:104,(anonymous_8)
FN:121,countAccessibleSpace
FN:129,(anonymous_10)
FN:130,(anonymous_11)
FN:161,getNextPosition
FN:176,isMoveSafe
FNF:14
FNH:12
FNDA:8,getSafeMoves
FNDA:1,(anonymous_1)
FNDA:11,(anonymous_2)
FNDA:33,(anonymous_3)
FNDA:11,(anonymous_4)
FNDA:16,(anonymous_5)
FNDA:48,(anonymous_6)
FNDA:32,(anonymous_7)
FNDA:0,(anonymous_8)
FNDA:22,countAccessibleSpace
FNDA:28,(anonymous_10)
FNDA:85,(anonymous_11)
FNDA:82,getNextPosition
FNDA:0,isMoveSafe
DA:7,8
DA:8,8
DA:9,8
DA:10,8
DA:13,8
DA:21,8
DA:30,8
DA:31,8
DA:32,8
DA:33,8
DA:36,8
DA:37,1
DA:41,8
DA:42,11
DA:44,11
DA:46,33
DA:47,27
DA:50,23
DA:51,23
DA:52,23
DA:53,23
DA:58,8
DA:59,11
DA:61,4
DA:62,4
DA:65,4
DA:66,4
DA:67,16
DA:69,12
DA:72,12
DA:73,48
DA:76,48
DA:78,3
DA:79,2
DA:87,8
DA:88,8
DA:89,32
DA:91,22
DA:94,22
DA:97,22
DA:98,1
DA:102,22
DA:104,0
DA:105,0
DA:108,0
DA:109,0
DA:110,0
DA:115,8
DA:122,22
DA:123,22
DA:124,22
DA:125,22
DA:128,22
DA:129,22
DA:130,28
DA:131,85
DA:136,22
DA:137,8434
DA:138,8434
DA:140,8434
DA:143,6331
DA:146,2103
DA:149,2103
DA:150,2103
DA:151,2103
DA:152,2103
DA:155,22
DA:162,82
DA:163,24
DA:164,16
DA:165,23
DA:166,19
DA:177,0
DA:178,0
DA:181,0
DA:185,0
DA:189,0
DA:190,0
DA:191,0
DA:192,0
DA:197,0
DA:198,0
DA:199,0
DA:200,0
DA:201,0
DA:202,0
DA:208,0
LF:87
LH:67
BRDA:30,0,0,0
BRDA:30,0,1,8
BRDA:31,1,0,1
BRDA:31,1,1,7
BRDA:32,2,0,0
BRDA:32,2,1,8
BRDA:33,3,0,1
BRDA:33,3,1,7
BRDA:46,4,0,6
BRDA:46,4,1,27
BRDA:46,5,0,33
BRDA:46,5,1,20
BRDA:46,5,2,7
BRDA:47,6,0,4
BRDA:47,6,1,23
BRDA:47,7,0,27
BRDA:47,7,1,13
BRDA:50,8,0,2
BRDA:50,8,1,21
BRDA:50,9,0,23
BRDA:50,9,1,4
BRDA:51,10,0,0
BRDA:51,10,1,23
BRDA:51,11,0,23
BRDA:51,11,1,0
BRDA:52,12,0,0
BRDA:52,12,1,23
BRDA:52,13,0,23
BRDA:52,13,1,12
BRDA:53,14,0,4
BRDA:53,14,1,19
BRDA:53,15,0,23
BRDA:53,15,1,12
BRDA:59,16,0,7
BRDA:59,16,1,4
BRDA:67,17,0,4
BRDA:67,17,1,12
BRDA:76,18,0,3
BRDA:76,18,1,45
BRDA:76,19,0,48
BRDA:76,19,1,5
BRDA:78,20,0,2
BRDA:78,20,1,1
BRDA:89,21,0,10
BRDA:89,21,1,22
BRDA:97,22,0,1
BRDA:97,22,1,21
BRDA:102,23,0,0
BRDA:102,23,1,22
BRDA:102,24,0,22
BRDA:102,24,1,1
BRDA:105,25,0,0
BRDA:105,25,1,0
BRDA:108,26,0,0
BRDA:108,26,1,0
BRDA:140,27,0,6331
BRDA:140,27,1,2103
BRDA:140,28,0,8434
BRDA:140,28,1,8222
BRDA:140,28,2,8010
BRDA:140,28,3,7796
BRDA:140,28,4,7582
BRDA:140,28,5,2306
BRDA:162,29,0,24
BRDA:162,29,1,16
BRDA:162,29,2,23
BRDA:162,29,3,19
BRDA:181,30,0,0
BRDA:181,30,1,0
BRDA:181,31,0,0
BRDA:181,31,1,0
BRDA:181,31,2,0
BRDA:181,31,3,0
BRDA:181,31,4,0
BRDA:191,32,0,0
BRDA:191,32,1,0
BRDA:191,33,0,0
BRDA:191,33,1,0
BRDA:197,34,0,0
BRDA:197,34,1,0
BRDA:197,35,0,0
BRDA:197,35,1,0
BRDA:199,36,0,0
BRDA:199,36,1,0
BRDA:201,37,0,0
BRDA:201,37,1,0
BRDA:201,38,0,0
BRDA:201,38,1,0
BRF:88
BRH:57
end_of_record
TN:
SF:logic\zigzag.js
FN:9,zigZagMovement
FN:73,findBestEscapeMove
FN:113,countEscapeRoutes
FN:135,isOccupied
FN:136,(anonymous_4)
FN:137,(anonymous_5)
FN:144,getNextPosition
FN:156,getDirection
FNF:8
FNH:8
FNDA:6,zigZagMovement
FNDA:1,findBestEscapeMove
FNDA:3,countEscapeRoutes
FNDA:12,isOccupied
FNDA:12,(anonymous_4)
FNDA:84,(anonymous_5)
FNDA:15,getNextPosition
FNDA:5,getDirection
DA:10,6
DA:11,6
DA:12,6
DA:15,6
DA:16,6
DA:17,5
DA:18,5
DA:22,6
DA:23,1
DA:24,1
DA:31,5
DA:32,4
DA:33,3
DA:34,3
DA:36,1
DA:37,1
DA:41,1
DA:42,1
DA:43,1
DA:47,5
DA:50,5
DA:51,5
DA:53,5
DA:54,20
DA:55,6
DA:56,6
DA:61,5
DA:63,5
DA:64,4
DA:67,1
DA:74,1
DA:75,1
DA:76,1
DA:79,1
DA:80,4
DA:82,3
DA:83,3
DA:86,3
DA:90,1
DA:91,1
DA:93,1
DA:94,4
DA:95,3
DA:96,2
DA:97,2
DA:102,1
DA:103,1
DA:104,1
DA:107,0
DA:114,3
DA:115,3
DA:116,3
DA:118,3
DA:119,12
DA:122,12
DA:125,9
DA:129,3
DA:136,12
DA:137,84
DA:145,15
DA:146,4
DA:147,4
DA:148,3
DA:149,4
DA:157,5
DA:158,1
DA:159,1
DA:160,0
DA:161,0
LF:69
LH:66
BRDA:16,0,0,5
BRDA:16,0,1,1
BRDA:22,1,0,1
BRDA:22,1,1,5
BRDA:24,2,0,1
BRDA:24,2,1,0
BRDA:31,3,0,4
BRDA:31,3,1,1
BRDA:32,4,0,3
BRDA:32,4,1,1
BRDA:32,5,0,4
BRDA:32,5,1,4
BRDA:42,6,0,0
BRDA:42,6,1,1
BRDA:43,7,0,0
BRDA:43,7,1,1
BRDA:54,8,0,6
BRDA:54,8,1,14
BRDA:54,9,0,20
BRDA:54,9,1,14
BRDA:63,10,0,4
BRDA:63,10,1,1
BRDA:63,11,0,5
BRDA:63,11,1,5
BRDA:80,12,0,1
BRDA:80,12,1,3
BRDA:94,13,0,1
BRDA:94,13,1,3
BRDA:94,14,0,4
BRDA:94,14,1,3
BRDA:95,15,0,2
BRDA:95,15,1,1
BRDA:103,16,0,1
BRDA:103,16,1,0
BRDA:103,17,0,1
BRDA:103,17,1,1
BRDA:122,18,0,9
BRDA:122,18,1,3
BRDA:122,19,0,12
BRDA:122,19,1,12
BRDA:122,19,2,12
BRDA:122,19,3,12
BRDA:122,19,4,12
BRDA:137,20,0,84
BRDA:137,20,1,7
BRDA:145,21,0,4
BRDA:145,21,1,4
BRDA:145,21,2,3
BRDA:145,21,3,4
BRDA:157,22,0,4
BRDA:157,22,1,1
BRDA:158,23,0,0
BRDA:158,23,1,1
BRDA:159,24,0,1
BRDA:159,24,1,0
BRDA:160,25,0,0
BRDA:160,25,1,0
BRF:57
BRH:49
end_of_record
TN:
SF:utils\floodFill.js
FN:8,floodFill
FN:87,calculateOpenSpace
FN:109,(anonymous_2)
FNF:3
FNH:3
FNDA:22,floodFill
FNDA:5,calculateOpenSpace
FNDA:20,(anonymous_2)
DA:10,22
DA:12,0
DA:16,22
DA:17,31
DA:18,104
DA:19,5
DA:25,17
DA:26,17
DA:27,17
DA:30,17
DA:33,17
DA:34,1055
DA:35,1055
DA:38,1055
DA:45,1055
DA:46,4220
DA:49,4220
DA:51,517
DA:55,3703
DA:56,2466
DA:60,1237
DA:61,1237
DA:62,1593
DA:63,5363
DA:64,199
DA:65,199
DA:68,1593
DA:71,1237
DA:72,1038
DA:73,1038
DA:78,17
DA:88,5
DA:89,5
DA:90,5
DA:93,5
DA:101,5
DA:109,5
DA:110,20
DA:113,20
DA:116,20
DA:120,5
DA:122,0
DA:124,0
LF:43
LH:40
BRDA:10,0,0,0
BRDA:10,0,1,22
BRDA:10,1,0,22
BRDA:10,1,1,22
BRDA:10,1,2,22
BRDA:10,1,3,22
BRDA:18,2,0,5
BRDA:18,2,1,99
BRDA:18,3,0,104
BRDA:18,3,1,30
BRDA:49,4,0,517
BRDA:49,4,1,3703
BRDA:49,5,0,4220
BRDA:49,5,1,4087
BRDA:49,5,2,3960
BRDA:49,5,3,3836
BRDA:55,6,0,2466
BRDA:55,6,1,1237
BRDA:63,7,0,199
BRDA:63,7,1,5164
BRDA:63,8,0,5363
BRDA:63,8,1,763
BRDA:68,9,0,199
BRDA:68,9,1,1394
BRDA:71,10,0,1038
BRDA:71,10,1,199
BRDA:113,11,0,20
BRDA:113,11,1,0
BRDA:113,12,0,20
BRDA:113,12,1,20
BRDA:113,12,2,20
BRDA:113,12,3,20
BRF:32
BRH:30
end_of_record
TN:
SF:utils\visualization.js
FN:7,printBoard
FNF:1
FNH:1
FNDA:1,printBoard
DA:9,1
LF:1
LH:1
BRF:0
BRH:0
end_of_record
