TN:
SF:floodFill.js
FN:7,floodFill
FN:18,hasSnake
FN:25,isValid
FN:64,calculateOpenSpace
FN:77,checkMove
FNF:5
FNH:5
FNDA:13,floodFill
FNDA:1943,hasSnake
FNDA:2284,isValid
FNDA:4,calculateOpenSpace
FNDA:16,checkMove
DA:1,2
DA:2,2
DA:3,2
DA:4,2
DA:5,2
DA:6,2
DA:7,2
DA:8,13
DA:9,13
DA:10,13
DA:11,13
DA:12,13
DA:13,13
DA:14,13
DA:15,13
DA:16,13
DA:17,13
DA:18,13
DA:19,1943
DA:20,4351
DA:21,1943
DA:22,1943
DA:23,13
DA:24,13
DA:25,13
DA:26,2284
DA:27,2284
DA:28,13
DA:29,13
DA:30,13
DA:31,885
DA:32,885
DA:33,885
DA:34,885
DA:35,885
DA:36,571
DA:37,571
DA:38,571
DA:39,571
DA:40,571
DA:41,571
DA:42,571
DA:43,571
DA:44,571
DA:45,571
DA:46,571
DA:47,571
DA:48,885
DA:49,2284
DA:50,872
DA:51,872
DA:52,2284
DA:53,571
DA:54,13
DA:55,13
DA:56,13
DA:57,13
DA:58,2
DA:59,2
DA:60,2
DA:61,2
DA:62,2
DA:63,2
DA:64,2
DA:65,4
DA:66,4
DA:67,4
DA:68,4
DA:69,4
DA:70,4
DA:71,4
DA:72,4
DA:73,4
DA:74,4
DA:75,4
DA:76,4
DA:77,4
DA:78,16
DA:79,16
DA:80,16
DA:81,16
DA:82,4
DA:83,4
DA:84,16
DA:85,4
DA:86,4
DA:87,16
DA:88,4
DA:89,4
DA:90,16
DA:91,4
DA:92,4
DA:93,16
DA:94,16
DA:95,16
DA:96,16
DA:97,16
DA:98,16
DA:99,16
DA:100,16
DA:101,16
DA:102,0
DA:103,0
DA:104,16
DA:105,16
DA:106,16
DA:107,30
DA:108,100
DA:109,5
DA:110,5
DA:111,100
DA:112,25
DA:113,11
DA:114,11
DA:115,11
DA:116,4
DA:117,4
DA:118,4
DA:119,4
DA:120,4
DA:121,4
DA:122,4
DA:123,4
DA:124,4
DA:125,4
LF:125
LH:123
BRDA:1,0,0,2
BRDA:7,1,0,13
BRDA:30,2,0,885
BRDA:35,3,0,314
BRDA:36,4,0,571
BRDA:48,5,0,2284
BRDA:49,6,0,1744
BRDA:49,7,0,872
BRDA:53,8,0,571
BRDA:18,9,0,1943
BRDA:19,10,0,4351
BRDA:20,11,0,15139
BRDA:20,12,0,1731
BRDA:25,13,0,2284
BRDA:26,14,0,2195
BRDA:26,15,0,2115
BRDA:26,16,0,2032
BRDA:26,17,0,1943
BRDA:64,18,0,4
BRDA:77,19,0,16
BRDA:81,20,0,4
BRDA:84,21,0,4
BRDA:87,22,0,4
BRDA:90,23,0,4
BRDA:101,24,0,0
BRDA:106,25,0,30
BRDA:107,26,0,100
BRDA:108,27,0,29
BRDA:108,28,0,5
BRDA:112,29,0,25
BRDA:113,30,0,11
BRF:31
BRH:30
end_of_record
TN:
SF:index.js
FN:21,info
FN:34,start
FN:39,end
FN:46,printBoard
FN:92,seekFood
FN:127,move
FN:330,findHuntableSnakes
FN:362,calculateHuntDirection
FNF:8
FNH:2
FNDA:0,info
FNDA:0,start
FNDA:0,end
FNDA:0,printBoard
FNDA:0,seekFood
FNDA:0,move
FNDA:1,findHuntableSnakes
FNDA:1,calculateHuntDirection
DA:1,1
DA:2,1
DA:3,1
DA:4,1
DA:5,1
DA:6,1
DA:7,1
DA:8,1
DA:9,1
DA:10,1
DA:11,1
DA:12,1
DA:13,1
DA:14,1
DA:15,1
DA:16,1
DA:17,1
DA:18,1
DA:19,1
DA:20,1
DA:21,0
DA:22,0
DA:23,0
DA:24,0
DA:25,0
DA:26,0
DA:27,0
DA:28,0
DA:29,0
DA:30,0
DA:31,0
DA:32,1
DA:33,1
DA:34,0
DA:35,0
DA:36,0
DA:37,1
DA:38,1
DA:39,0
DA:40,0
DA:41,0
DA:42,1
DA:43,1
DA:44,1
DA:45,1
DA:46,0
DA:47,0
DA:48,0
DA:49,0
DA:50,0
DA:51,0
DA:52,0
DA:53,0
DA:54,0
DA:55,0
DA:56,0
DA:57,0
DA:58,0
DA:59,0
DA:60,0
DA:61,0
DA:62,0
DA:63,0
DA:64,0
DA:65,0
DA:66,0
DA:67,0
DA:68,0
DA:69,0
DA:70,0
DA:71,0
DA:72,0
DA:73,0
DA:74,0
DA:75,0
DA:76,0
DA:77,0
DA:78,0
DA:79,0
DA:80,0
DA:81,0
DA:82,0
DA:83,0
DA:84,0
DA:85,0
DA:86,0
DA:87,0
DA:88,0
DA:89,1
DA:90,1
DA:91,1
DA:92,1
DA:93,0
DA:94,0
DA:95,0
DA:96,0
DA:97,0
DA:98,0
DA:99,0
DA:100,0
DA:101,0
DA:102,0
DA:103,0
DA:104,0
DA:105,0
DA:106,0
DA:107,0
DA:108,0
DA:109,0
DA:110,0
DA:111,0
DA:112,0
DA:113,0
DA:114,0
DA:115,0
DA:116,0
DA:117,0
DA:118,0
DA:119,0
DA:120,0
DA:121,0
DA:122,0
DA:123,0
DA:124,0
DA:125,0
DA:126,1
DA:127,0
DA:128,0
DA:129,0
DA:130,0
DA:131,0
DA:132,0
DA:133,0
DA:134,0
DA:135,0
DA:136,0
DA:137,0
DA:138,0
DA:139,0
DA:140,0
DA:141,0
DA:142,0
DA:143,0
DA:144,0
DA:145,0
DA:146,0
DA:147,0
DA:148,0
DA:149,0
DA:150,0
DA:151,0
DA:152,0
DA:153,0
DA:154,0
DA:155,0
DA:156,0
DA:157,0
DA:158,0
DA:159,0
DA:160,0
DA:161,0
DA:162,0
DA:163,0
DA:164,0
DA:165,0
DA:166,0
DA:167,0
DA:168,0
DA:169,0
DA:170,0
DA:171,0
DA:172,0
DA:173,0
DA:174,0
DA:175,0
DA:176,0
DA:177,0
DA:178,0
DA:179,0
DA:180,0
DA:181,0
DA:182,0
DA:183,0
DA:184,0
DA:185,0
DA:186,0
DA:187,0
DA:188,0
DA:189,0
DA:190,0
DA:191,0
DA:192,0
DA:193,0
DA:194,0
DA:195,0
DA:196,0
DA:197,0
DA:198,0
DA:199,0
DA:200,0
DA:201,0
DA:202,0
DA:203,0
DA:204,0
DA:205,0
DA:206,0
DA:207,0
DA:208,0
DA:209,0
DA:210,0
DA:211,0
DA:212,0
DA:213,0
DA:214,0
DA:215,0
DA:216,0
DA:217,0
DA:218,0
DA:219,0
DA:220,0
DA:221,0
DA:222,0
DA:223,0
DA:224,0
DA:225,0
DA:226,0
DA:227,0
DA:228,0
DA:229,0
DA:230,0
DA:231,0
DA:232,0
DA:233,0
DA:234,0
DA:235,0
DA:236,0
DA:237,0
DA:238,0
DA:239,0
DA:240,0
DA:241,0
DA:242,0
DA:243,0
DA:244,0
DA:245,0
DA:246,0
DA:247,0
DA:248,0
DA:249,0
DA:250,0
DA:251,0
DA:252,0
DA:253,0
DA:254,0
DA:255,0
DA:256,0
DA:257,0
DA:258,0
DA:259,0
DA:260,0
DA:261,0
DA:262,0
DA:263,0
DA:264,0
DA:265,0
DA:266,0
DA:267,0
DA:268,0
DA:269,0
DA:270,0
DA:271,0
DA:272,0
DA:273,0
DA:274,0
DA:275,0
DA:276,0
DA:277,0
DA:278,0
DA:279,0
DA:280,0
DA:281,0
DA:282,0
DA:283,0
DA:284,0
DA:285,0
DA:286,0
DA:287,0
DA:288,0
DA:289,0
DA:290,0
DA:291,0
DA:292,0
DA:293,0
DA:294,0
DA:295,0
DA:296,0
DA:297,0
DA:298,0
DA:299,0
DA:300,0
DA:301,0
DA:302,0
DA:303,0
DA:304,0
DA:305,0
DA:306,0
DA:307,0
DA:308,0
DA:309,0
DA:310,0
DA:311,0
DA:312,0
DA:313,0
DA:314,0
DA:315,0
DA:316,0
DA:317,0
DA:318,0
DA:319,0
DA:320,0
DA:321,0
DA:322,0
DA:323,0
DA:324,1
DA:325,1
DA:326,1
DA:327,1
DA:328,1
DA:329,1
DA:330,1
DA:331,1
DA:332,1
DA:333,1
DA:334,1
DA:335,1
DA:336,1
DA:337,3
DA:338,1
DA:339,1
DA:340,1
DA:341,1
DA:342,1
DA:343,1
DA:344,1
DA:345,1
DA:346,1
DA:347,1
DA:348,1
DA:349,1
DA:350,1
DA:351,1
DA:352,1
DA:353,1
DA:354,1
DA:355,1
DA:356,1
DA:357,1
DA:358,1
DA:359,1
DA:360,1
DA:361,1
DA:362,1
DA:363,1
DA:364,1
DA:365,1
DA:366,1
DA:367,1
DA:368,1
DA:369,1
DA:370,1
DA:371,1
DA:372,1
DA:373,4
DA:374,4
DA:375,4
DA:376,4
DA:377,4
DA:378,1
DA:379,1
DA:380,4
DA:381,1
DA:382,1
DA:383,4
DA:384,1
DA:385,1
DA:386,4
DA:387,1
DA:388,1
DA:389,4
DA:390,4
DA:391,4
DA:392,4
DA:393,4
DA:394,4
DA:395,4
DA:396,4
DA:397,4
DA:398,1
DA:399,1
DA:400,1
DA:401,1
DA:402,1
DA:403,1
DA:404,1
DA:405,1
DA:406,1
DA:407,1
DA:408,0
DA:409,0
DA:410,0
DA:411,0
DA:412,0
DA:413,0
DA:414,0
DA:415,0
DA:416,0
DA:417,1
DA:418,1
DA:419,1
DA:420,1
DA:421,1
DA:422,1
DA:423,1
DA:424,1
DA:425,1
DA:426,0
DA:427,0
DA:428,1
DA:429,1
DA:430,1
DA:431,1
DA:432,1
DA:433,1
DA:434,1
DA:435,1
LF:435
LH:134
BRDA:1,0,0,1
BRDA:330,1,0,1
BRDA:336,2,0,3
BRDA:337,3,0,2
BRDA:337,4,0,1
BRDA:362,5,0,1
BRDA:407,6,0,0
BRDA:424,7,0,0
BRDA:425,8,0,0
BRDA:372,9,0,4
BRDA:377,10,0,1
BRDA:380,11,0,1
BRDA:383,12,0,1
BRDA:386,13,0,1
BRDA:397,14,0,1
BRF:15
BRH:12
end_of_record
TN:
SF:server.js
FN:4,info
FN:14,move
FN:47,runServer
FNF:3
FNH:3
FNDA:1,info
FNDA:2,move
FNDA:2,runServer
DA:1,6
DA:2,6
DA:3,6
DA:4,6
DA:5,1
DA:6,1
DA:7,1
DA:8,1
DA:9,1
DA:10,1
DA:11,1
DA:12,1
DA:13,6
DA:14,6
DA:15,2
DA:16,2
DA:17,2
DA:18,2
DA:19,2
DA:20,1
DA:21,1
DA:22,1
DA:23,1
DA:24,1
DA:25,0
DA:26,0
DA:27,0
DA:28,0
DA:29,0
DA:30,1
DA:31,1
DA:32,1
DA:33,1
DA:34,0
DA:35,1
DA:36,1
DA:37,1
DA:38,0
DA:39,0
DA:40,0
DA:41,0
DA:42,0
DA:43,0
DA:44,0
DA:45,2
DA:46,6
DA:47,6
DA:48,2
DA:49,2
DA:50,2
DA:51,2
DA:52,0
DA:53,2
DA:54,2
DA:55,2
DA:56,0
DA:57,0
DA:58,2
DA:59,2
DA:60,2
DA:61,0
DA:62,2
DA:63,2
DA:64,2
DA:65,0
DA:66,0
DA:67,2
DA:68,2
DA:69,2
DA:70,0
DA:71,0
DA:72,2
DA:73,2
DA:74,2
DA:75,0
DA:76,2
DA:77,2
DA:78,2
DA:79,2
LF:79
LH:57
BRDA:1,0,0,6
BRDA:4,1,0,1
BRDA:14,2,0,2
BRDA:19,3,0,1
BRDA:33,4,0,0
BRDA:37,5,0,0
BRDA:47,6,0,2
BRF:7
BRH:5
end_of_record
